
================================================================================
Affinity Linux Installer - Session Started
Timestamp: 2025-11-26 04:13:46
================================================================================
[04:13:46] [INFO] ━━━━━━━━━━━━━━━━━━━━━━━━━━━━━━━━━━━━━━━━━━━━━━━━━━━━━━━━━━━━━━━━━━━━━━━━━━━━
[04:13:46] [INFO] Affinity Linux Installer - Ready
[04:13:46] [INFO] ━━━━━━━━━━━━━━━━━━━━━━━━━━━━━━━━━━━━━━━━━━━━━━━━━━━━━━━━━━━━━━━━━━━━━━━━━━━━

[04:13:46] [INFO] ━━━━━━━━━━━━━━━━━━━━━━━━━━━━━━━━━━━━━━━━━━━━━━━━━━━━━━━━━━━━━━━━━━━━━━━━━━━━
[04:13:46] [INFO] Startup Performance:
[04:13:46] [INFO] ━━━━━━━━━━━━━━━━━━━━━━━━━━━━━━━━━━━━━━━━━━━━━━━━━━━━━━━━━━━━━━━━━━━━━━━━━━━━
[04:13:46] [INFO]   QMainWindow.__init__..........  0.000s (  0.0%)
[04:13:46] [INFO]   Window setup..................  0.000s (  0.0%)
[04:13:46] [INFO]   Log file init.................  0.000s (  0.1%)
[04:13:46] [INFO]   Signal connections............  0.000s (  0.0%)
[04:13:46] [INFO]   Create UI.....................  0.256s ( 97.8%)
[04:13:46] [INFO]   Apply theme...................  0.005s (  1.8%)
[04:13:46] [INFO]   Center window.................  0.000s (  0.0%)
[04:13:46] [INFO]   Defer slow operations.........  0.001s (  0.3%)
[04:13:46] [INFO]   TOTAL STARTUP TIME............  0.262s
[04:13:46] [INFO] ━━━━━━━━━━━━━━━━━━━━━━━━━━━━━━━━━━━━━━━━━━━━━━━━━━━━━━━━━━━━━━━━━━━━━━━━━━━━
[04:13:46] [INFO] Welcome! Please use the buttons on the right to get started.
[04:13:46] [INFO] 
[04:13:46] [INFO] ━━━━━━━━━━━━━━━━━━━━━━━━━━━━━━━━━━━━━━━━━━━━━━━━━━━━━━━━━━━━━━━━━━━━━━━━━━━━
[04:13:46] [INFO] System Specifications:
[04:13:46] [INFO]   OS: Linux 6.17.8-cachyos1.fc43.x86_64
[04:13:46] [INFO]   Architecture: x86_64
[04:13:46] [INFO]   Distribution: Fedora Linux 43 (Workstation Edition)
[04:13:46] [INFO]   CPU: AMD Ryzen 9 9900X 12-Core Processor
[04:13:46] [INFO]   CPU Cores: 24
[04:13:46] [INFO]   RAM: 62.3 GB
[04:13:46] [INFO]   NVIDIA Driver: for
[04:13:46] [INFO]   GPU: NVIDIA Corporation GB203 [GeForce RTX 5070 Ti] (rev a1)
[04:13:46] [INFO] ━━━━━━━━━━━━━━━━━━━━━━━━━━━━━━━━━━━━━━━━━━━━━━━━━━━━━━━━━━━━━━━━━━━━━━━━━━━━

System Specifications:
  OS: Linux 6.17.8-cachyos1.fc43.x86_64
  Architecture: x86_64
  Distribution: Fedora Linux 43 (Workstation Edition)
  CPU: AMD Ryzen 9 9900X 12-Core Processor
  CPU Cores: 24
  RAM: 62.3 GB
  NVIDIA Driver: for
  GPU: NVIDIA Corporation GB203 [GeForce RTX 5070 Ti] (rev a1)
================================================================================
[04:13:46] [SUCCESS] Wine: ✓ Installed (Wine 10.10)
[04:13:46] [INFO] Affinity Applications:
[04:13:46] [SUCCESS]   Affinity (Unified): ✓ Installed
[04:13:46] [ERROR]   Affinity Photo: ✗ Not installed
[04:13:46] [ERROR]   Affinity Designer: ✗ Not installed
[04:13:46] [ERROR]   Affinity Publisher: ✗ Not installed
[04:13:46] [INFO] System Dependencies:
[04:13:46] [SUCCESS]   wine: ✓ Installed
[04:13:46] [SUCCESS]   winetricks: ✓ Installed
[04:13:46] [SUCCESS]   wget: ✓ Installed
[04:13:46] [SUCCESS]   curl: ✓ Installed
[04:13:46] [SUCCESS]   7z: ✓ Installed
[04:13:46] [SUCCESS]   tar: ✓ Installed
[04:13:46] [SUCCESS]   jq: ✓ Installed
[04:13:46] [SUCCESS]   zstd: ✓ Installed
[04:13:46] [SUCCESS]   xz: ✓ Installed
[04:13:46] [SUCCESS] .NET SDK found (version 8.0.121) - using installed version
[04:13:46] [SUCCESS]   .NET SDK: ✓ Installed
[04:13:46] [INFO] Winetricks Dependencies:
[04:13:46] [INFO] Checking DXVK and vkd3d-proton status...
[04:13:47] [INFO] DXVK not installed (will be installed when switching to DXVK)
[04:13:47] [INFO] Checking for latest vkd3d-proton version...
[04:13:47] [INFO] Latest vkd3d-proton version: 3.0a
[04:13:47] [INFO] vkd3d-proton 3.0a is missing or outdated, will download when needed
[04:13:47] [SUCCESS] DXVK and vkd3d-proton check completed
[04:13:49] [INFO] 
━━━━━━━━━━━━━━━━━━━━━━━━━━━━━━━━━━━━━━━━━━━━━━━━━━━━━━━━━━━━━━━━━━━━━━━━━━━━
[04:13:49] [INFO] Switching to DXVK
[04:13:49] [INFO] ━━━━━━━━━━━━━━━━━━━━━━━━━━━━━━━━━━━━━━━━━━━━━━━━━━━━━━━━━━━━━━━━━━━━━━━━━━━━

[04:13:49] [INFO] Removing vkd3d DLLs from Wine library directory...
[04:13:49] [SUCCESS] Removed d3d12.dll from Wine library
[04:13:49] [SUCCESS] Removed d3d12core.dll from Wine library
[04:13:49] [INFO] Removing vkd3d_dlls directory...
[04:13:49] [SUCCESS] Removed vkd3d_dlls directory
[04:13:49] [SUCCESS] Removed d3d12.dll from Affinity
[04:13:49] [SUCCESS] Removed d3d12core.dll from Affinity
[04:13:49] [SUCCESS] Set preference to DXVK
[04:13:49] [INFO] Removing DLL overrides for vkd3d...
[04:13:49] [SUCCESS] Removed 2 vkd3d DLL override(s)
[04:13:49] [INFO] Installing DXVK via winetricks...
[04:13:49] [INFO] Installing DXVK via winetricks...
[04:13:49] [INFO] DEBUG: get_winetricks_env_with_tkg() called
[04:13:49] [INFO] DEBUG: Created environment copy from base_env
[04:13:49] [INFO] DEBUG: Searching for wine-tkg binary...
[04:13:49] [INFO] DEBUG: get_wine_tkg_path() called for binary: wine
[04:13:49] [INFO] DEBUG: wine-tkg directory: /home/matt/.AffinityLinux/wine-tkg
[04:13:49] [INFO] DEBUG: Checking for binary: wine
[04:13:49] [INFO] DEBUG: Checking direct path: /home/matt/.AffinityLinux/wine-tkg/bin/wine
[04:13:49] [INFO] DEBUG: ✗ Direct path does not exist
[04:13:49] [INFO] DEBUG: Checking subdirectories...
[04:13:49] [INFO] DEBUG: Found 1 items in wine-tkg directory
[04:13:49] [INFO] DEBUG:   Checking subdirectory: wine-10.19-staging-amd64
[04:13:49] [INFO] DEBUG:     Checking: /home/matt/.AffinityLinux/wine-tkg/wine-10.19-staging-amd64/bin/wine
[04:13:49] [INFO] DEBUG: ✓ Found binary at: /home/matt/.AffinityLinux/wine-tkg/wine-10.19-staging-amd64/bin/wine
[04:13:49] [INFO] DEBUG: get_wine_tkg_path() returned: /home/matt/.AffinityLinux/wine-tkg/wine-10.19-staging-amd64/bin/wine
[04:13:49] [INFO] DEBUG: wine-tkg binary path: /home/matt/.AffinityLinux/wine-tkg/wine-10.19-staging-amd64/bin/wine
[04:13:49] [INFO] DEBUG: wine-tkg binary exists: True
[04:13:49] [INFO] DEBUG: ✓ Using wine-tkg from: /home/matt/.AffinityLinux/wine-tkg/wine-10.19-staging-amd64/bin
[04:13:49] [INFO] DEBUG: Updated PATH (first 200 chars): /home/matt/.AffinityLinux/wine-tkg/wine-10.19-staging-amd64/bin:/home/matt/.local/bin:/home/matt/bin:/usr/local/bin:/usr/bin:/usr/local/sbin:/usr/sbin:/home/matt/.dotnet/tools:/home/matt/.cursor/exten
[04:13:49] [INFO] Using wine-tkg from: /home/matt/.AffinityLinux/wine-tkg/wine-10.19-staging-amd64/bin
[04:13:49] [INFO]   Executing cd /usr/bin
[04:13:49] [INFO]   + return 0
[04:13:49] [INFO]   + shift
[04:13:49] [INFO]   + winetricks_handle_option --force
[04:13:49] [INFO]   + case "$1" in
[04:13:49] [INFO]   + WINETRICKS_FORCE=1
[04:13:49] [INFO]   + return 0
[04:13:49] [INFO]   + shift
[04:13:49] [INFO]   + winetricks_handle_option --no-isolate
[04:13:49] [INFO]   + case "$1" in
[04:13:49] [INFO]   + WINETRICKS_OPT_SHAREDPREFIX=1
[04:13:49] [INFO]   + return 0
[04:13:49] [INFO]   + shift
[04:13:49] [INFO]   + winetricks_handle_option --optout
[04:13:49] [INFO]   + case "$1" in
[04:13:49] [INFO]   + WINETRICKS_STATS_REPORT=0
[04:13:49] [INFO]   + return 0
[04:13:49] [INFO]   + shift
[04:13:49] [INFO]   + winetricks_handle_option dxvk
[04:13:49] [INFO]   + case "$1" in
[04:13:49] [INFO]   + return 1
[04:13:49] [INFO]   + echo dxvk
[04:13:49] [INFO]   + grep -v list-installed
[04:13:49] [INFO]   + grep -q -w list
[04:13:49] [INFO]   + case ${WINETRICKS_OPT_SHAREDPREFIX} in
[04:13:49] [INFO]   + winetricks_init
[04:13:49] [INFO]   + test ''
[04:13:49] [INFO]   + USERNAME=matt
[04:13:49] [INFO]   ++ id -u
[04:13:49] [INFO]   + '[' 1000 = 0 ']'
[04:13:49] [INFO]   + WINETRICKS_WORKDIR=/tmp/winetricks.sswDG0nw/w.matt.123116
[04:13:49] [INFO]   + test '' = 1
[04:13:49] [INFO]   + rm -rf /tmp/winetricks.sswDG0nw/w.matt.123116
[04:13:49] [INFO]   + WINETRICKS_METADATA=/tmp/winetricks.sswDG0nw/w.matt.123116/metadata
[04:13:49] [INFO]   + WINETRICKS_CATEGORIES='apps benchmarks dlls fonts settings mkprefix'
[04:13:49] [INFO]   + for _W_cat in ${WINETRICKS_CATEGORIES}
[04:13:49] [INFO]   + w_try_mkdir -q /tmp/winetricks.sswDG0nw/w.matt.123116/metadata/apps
[04:13:49] [INFO]   + dir=-q
[04:13:49] [INFO]   + '[' -q = -q ']'
[04:13:49] [INFO]   + dir=/tmp/winetricks.sswDG0nw/w.matt.123116/metadata/apps
[04:13:49] [INFO]   + WINETRICKS_SUPER_QUIET=1
[04:13:49] [INFO]   + w_try mkdir -p /tmp/winetricks.sswDG0nw/w.matt.123116/metadata/apps
[04:13:49] [INFO]   + export WINEDLLOVERRIDES
[04:13:49] [INFO]   + '[' -z 1 ']'
[04:13:49] [INFO]   + case "$1" in
[04:13:49] [INFO]   + mkdir -p /tmp/winetricks.sswDG0nw/w.matt.123116/metadata/apps
[04:13:49] [INFO]   + status=0
[04:13:49] [INFO]   + en_ms_5='exit status 0 - user selected '\''Cancel'\'''
[04:13:49] [INFO]   + en_ms_105='exit status 0 - normal, user selected '\''restart now'\'''
[04:13:49] [INFO]   + en_ms_194='exit status 0 - normal, user selected '\''restart later'\'''
[04:13:49] [INFO]   + en_ms_236='exit status 0 - newer version detected'
[04:13:49] [INFO]   + bg_abort=$'\320\222\320\260\320\266\320\275\320\276: \320\272\320\276\320\274\320\260\320\275\320\264\320\260\321\202\320\260 mkdir -p /tmp/winetricks.sswDG0nw/w.matt.123116/metadata/apps \320\262\321\212\321\200\320\275\320\260 \321\201\321\202\320\260\321\202\321\203\321\201\320\260 0. \320\237\321\200\320\265\320\272\321\200\320\260\321\202\321\217\320\262\320\260\320\275\320\265.'
[04:13:49] [INFO]   + en_abort='Note: command mkdir -p /tmp/winetricks.sswDG0nw/w.matt.123116/metadata/apps returned status 0. Aborting.'
[04:13:49] [INFO]   + pl_abort=$'Informacja: poelcenie mkdir -p /tmp/winetricks.sswDG0nw/w.matt.123116/metadata/apps zwr\303\263ci\305\202o status 0. Przerywam.'
[04:13:49] [INFO]   + pt_abort='Nota: comando mkdir -p /tmp/winetricks.sswDG0nw/w.matt.123116/metadata/apps retornou o status 0. Cancelando.'
[04:13:49] [INFO]   + ru_abort=$'\320\222\320\260\320\266\320\275\320\276: \320\272\320\276\320\274\320\260\320\275\320\264\320\260 mkdir -p /tmp/winetricks.sswDG0nw/w.matt.123116/metadata/apps \320\262\320\265\321\200\320\275\321\203\320\273\320\260 \321\201\321\202\320\260\321\202\321\203\321\201 0. \320\237\321\200\320\265\321\200\321\213\320\262\320\260\320\275\320\270\320\265.'
[04:13:49] [INFO]   + zh_CN_abort=$'\346\263\250\346\204\217\357\274\232\345\221\275\344\273\244 mkdir -p /tmp/winetricks.sswDG0nw/w.matt.123116/metadata/apps \350\277\224\345\233\236\344\272\206\347\212\266\346\200\201\347\240\201 0\357\274\214\346\223\215\344\275\234\344\270\255\346\255\242\343\200\202'
[04:13:49] [INFO]   + '[' -n '' ']'
[04:13:49] [INFO]   + case ${status} in
[04:13:49] [INFO]   + '[' '!' -d /tmp/winetricks.sswDG0nw/w.matt.123116/metadata/apps ']'
[04:13:49] [INFO]   + for _W_cat in ${WINETRICKS_CATEGORIES}
[04:13:49] [INFO]   + w_try_mkdir -q /tmp/winetricks.sswDG0nw/w.matt.123116/metadata/benchmarks
[04:13:49] [INFO]   + dir=-q
[04:13:49] [INFO]   + '[' -q = -q ']'
[04:13:49] [INFO]   + dir=/tmp/winetricks.sswDG0nw/w.matt.123116/metadata/benchmarks
[04:13:49] [INFO]   + WINETRICKS_SUPER_QUIET=1
[04:13:49] [INFO]   + w_try mkdir -p /tmp/winetricks.sswDG0nw/w.matt.123116/metadata/benchmarks
[04:13:49] [INFO]   + export WINEDLLOVERRIDES
[04:13:49] [INFO]   + '[' -z 1 ']'
[04:13:49] [INFO]   + case "$1" in
[04:13:49] [INFO]   + mkdir -p /tmp/winetricks.sswDG0nw/w.matt.123116/metadata/benchmarks
[04:13:49] [INFO]   + status=0
[04:13:49] [INFO]   + en_ms_5='exit status 0 - user selected '\''Cancel'\'''
[04:13:49] [INFO]   + en_ms_105='exit status 0 - normal, user selected '\''restart now'\'''
[04:13:49] [INFO]   + en_ms_194='exit status 0 - normal, user selected '\''restart later'\'''
[04:13:49] [INFO]   + en_ms_236='exit status 0 - newer version detected'
[04:13:49] [INFO]   + bg_abort=$'\320\222\320\260\320\266\320\275\320\276: \320\272\320\276\320\274\320\260\320\275\320\264\320\260\321\202\320\260 mkdir -p /tmp/winetricks.sswDG0nw/w.matt.123116/metadata/benchmarks \320\262\321\212\321\200\320\275\320\260 \321\201\321\202\320\260\321\202\321\203\321\201\320\260 0. \320\237\321\200\320\265\320\272\321\200\320\260\321\202\321\217\320\262\320\260\320\275\320\265.'
[04:13:49] [INFO]   + en_abort='Note: command mkdir -p /tmp/winetricks.sswDG0nw/w.matt.123116/metadata/benchmarks returned status 0. Aborting.'
[04:13:49] [INFO]   + pl_abort=$'Informacja: poelcenie mkdir -p /tmp/winetricks.sswDG0nw/w.matt.123116/metadata/benchmarks zwr\303\263ci\305\202o status 0. Przerywam.'
[04:13:49] [INFO]   + pt_abort='Nota: comando mkdir -p /tmp/winetricks.sswDG0nw/w.matt.123116/metadata/benchmarks retornou o status 0. Cancelando.'
[04:13:49] [INFO]   + ru_abort=$'\320\222\320\260\320\266\320\275\320\276: \320\272\320\276\320\274\320\260\320\275\320\264\320\260 mkdir -p /tmp/winetricks.sswDG0nw/w.matt.123116/metadata/benchmarks \320\262\320\265\321\200\320\275\321\203\320\273\320\260 \321\201\321\202\320\260\321\202\321\203\321\201 0. \320\237\321\200\320\265\321\200\321\213\320\262\320\260\320\275\320\270\320\265.'
[04:13:49] [INFO]   + zh_CN_abort=$'\346\263\250\346\204\217\357\274\232\345\221\275\344\273\244 mkdir -p /tmp/winetricks.sswDG0nw/w.matt.123116/metadata/benchmarks \350\277\224\345\233\236\344\272\206\347\212\266\346\200\201\347\240\201 0\357\274\214\346\223\215\344\275\234\344\270\255\346\255\242\343\200\202'
[04:13:49] [INFO]   + '[' -n '' ']'
[04:13:49] [INFO]   + case ${status} in
[04:13:49] [INFO]   + '[' '!' -d /tmp/winetricks.sswDG0nw/w.matt.123116/metadata/benchmarks ']'
[04:13:49] [INFO]   + for _W_cat in ${WINETRICKS_CATEGORIES}
[04:13:49] [INFO]   + w_try_mkdir -q /tmp/winetricks.sswDG0nw/w.matt.123116/metadata/dlls
[04:13:49] [INFO]   + dir=-q
[04:13:49] [INFO]   + '[' -q = -q ']'
[04:13:49] [INFO]   + dir=/tmp/winetricks.sswDG0nw/w.matt.123116/metadata/dlls
[04:13:49] [INFO]   + WINETRICKS_SUPER_QUIET=1
[04:13:49] [INFO]   + w_try mkdir -p /tmp/winetricks.sswDG0nw/w.matt.123116/metadata/dlls
[04:13:49] [INFO]   + export WINEDLLOVERRIDES
[04:13:49] [INFO]   + '[' -z 1 ']'
[04:13:49] [INFO]   + case "$1" in
[04:13:49] [INFO]   + mkdir -p /tmp/winetricks.sswDG0nw/w.matt.123116/metadata/dlls
[04:13:49] [INFO]   + status=0
[04:13:49] [INFO]   + en_ms_5='exit status 0 - user selected '\''Cancel'\'''
[04:13:49] [INFO]   + en_ms_105='exit status 0 - normal, user selected '\''restart now'\'''
[04:13:49] [INFO]   + en_ms_194='exit status 0 - normal, user selected '\''restart later'\'''
[04:13:49] [INFO]   + en_ms_236='exit status 0 - newer version detected'
[04:13:49] [INFO]   + bg_abort=$'\320\222\320\260\320\266\320\275\320\276: \320\272\320\276\320\274\320\260\320\275\320\264\320\260\321\202\320\260 mkdir -p /tmp/winetricks.sswDG0nw/w.matt.123116/metadata/dlls \320\262\321\212\321\200\320\275\320\260 \321\201\321\202\320\260\321\202\321\203\321\201\320\260 0. \320\237\321\200\320\265\320\272\321\200\320\260\321\202\321\217\320\262\320\260\320\275\320\265.'
[04:13:49] [INFO]   + en_abort='Note: command mkdir -p /tmp/winetricks.sswDG0nw/w.matt.123116/metadata/dlls returned status 0. Aborting.'
[04:13:49] [INFO]   + pl_abort=$'Informacja: poelcenie mkdir -p /tmp/winetricks.sswDG0nw/w.matt.123116/metadata/dlls zwr\303\263ci\305\202o status 0. Przerywam.'
[04:13:49] [INFO]   + pt_abort='Nota: comando mkdir -p /tmp/winetricks.sswDG0nw/w.matt.123116/metadata/dlls retornou o status 0. Cancelando.'
[04:13:49] [INFO]   + ru_abort=$'\320\222\320\260\320\266\320\275\320\276: \320\272\320\276\320\274\320\260\320\275\320\264\320\260 mkdir -p /tmp/winetricks.sswDG0nw/w.matt.123116/metadata/dlls \320\262\320\265\321\200\320\275\321\203\320\273\320\260 \321\201\321\202\320\260\321\202\321\203\321\201 0. \320\237\321\200\320\265\321\200\321\213\320\262\320\260\320\275\320\270\320\265.'
[04:13:49] [INFO]   + zh_CN_abort=$'\346\263\250\346\204\217\357\274\232\345\221\275\344\273\244 mkdir -p /tmp/winetricks.sswDG0nw/w.matt.123116/metadata/dlls \350\277\224\345\233\236\344\272\206\347\212\266\346\200\201\347\240\201 0\357\274\214\346\223\215\344\275\234\344\270\255\346\255\242\343\200\202'
[04:13:49] [INFO]   + '[' -n '' ']'
[04:13:49] [INFO]   + case ${status} in
[04:13:49] [INFO]   + '[' '!' -d /tmp/winetricks.sswDG0nw/w.matt.123116/metadata/dlls ']'
[04:13:49] [INFO]   + for _W_cat in ${WINETRICKS_CATEGORIES}
[04:13:49] [INFO]   + w_try_mkdir -q /tmp/winetricks.sswDG0nw/w.matt.123116/metadata/fonts
[04:13:49] [INFO]   + dir=-q
[04:13:49] [INFO]   + '[' -q = -q ']'
[04:13:49] [INFO]   + dir=/tmp/winetricks.sswDG0nw/w.matt.123116/metadata/fonts
[04:13:49] [INFO]   + WINETRICKS_SUPER_QUIET=1
[04:13:49] [INFO]   + w_try mkdir -p /tmp/winetricks.sswDG0nw/w.matt.123116/metadata/fonts
[04:13:49] [INFO]   + export WINEDLLOVERRIDES
[04:13:49] [INFO]   + '[' -z 1 ']'
[04:13:49] [INFO]   + case "$1" in
[04:13:49] [INFO]   + mkdir -p /tmp/winetricks.sswDG0nw/w.matt.123116/metadata/fonts
[04:13:49] [INFO]   + status=0
[04:13:49] [INFO]   + en_ms_5='exit status 0 - user selected '\''Cancel'\'''
[04:13:49] [INFO]   + en_ms_105='exit status 0 - normal, user selected '\''restart now'\'''
[04:13:49] [INFO]   + en_ms_194='exit status 0 - normal, user selected '\''restart later'\'''
[04:13:49] [INFO]   + en_ms_236='exit status 0 - newer version detected'
[04:13:49] [INFO]   + bg_abort=$'\320\222\320\260\320\266\320\275\320\276: \320\272\320\276\320\274\320\260\320\275\320\264\320\260\321\202\320\260 mkdir -p /tmp/winetricks.sswDG0nw/w.matt.123116/metadata/fonts \320\262\321\212\321\200\320\275\320\260 \321\201\321\202\320\260\321\202\321\203\321\201\320\260 0. \320\237\321\200\320\265\320\272\321\200\320\260\321\202\321\217\320\262\320\260\320\275\320\265.'
[04:13:49] [INFO]   + en_abort='Note: command mkdir -p /tmp/winetricks.sswDG0nw/w.matt.123116/metadata/fonts returned status 0. Aborting.'
[04:13:49] [INFO]   + pl_abort=$'Informacja: poelcenie mkdir -p /tmp/winetricks.sswDG0nw/w.matt.123116/metadata/fonts zwr\303\263ci\305\202o status 0. Przerywam.'
[04:13:49] [INFO]   + pt_abort='Nota: comando mkdir -p /tmp/winetricks.sswDG0nw/w.matt.123116/metadata/fonts retornou o status 0. Cancelando.'
[04:13:49] [INFO]   + ru_abort=$'\320\222\320\260\320\266\320\275\320\276: \320\272\320\276\320\274\320\260\320\275\320\264\320\260 mkdir -p /tmp/winetricks.sswDG0nw/w.matt.123116/metadata/fonts \320\262\320\265\321\200\320\275\321\203\320\273\320\260 \321\201\321\202\320\260\321\202\321\203\321\201 0. \320\237\321\200\320\265\321\200\321\213\320\262\320\260\320\275\320\270\320\265.'
[04:13:49] [INFO]   + zh_CN_abort=$'\346\263\250\346\204\217\357\274\232\345\221\275\344\273\244 mkdir -p /tmp/winetricks.sswDG0nw/w.matt.123116/metadata/fonts \350\277\224\345\233\236\344\272\206\347\212\266\346\200\201\347\240\201 0\357\274\214\346\223\215\344\275\234\344\270\255\346\255\242\343\200\202'
[04:13:49] [INFO]   + '[' -n '' ']'
[04:13:49] [INFO]   + case ${status} in
[04:13:49] [INFO]   + '[' '!' -d /tmp/winetricks.sswDG0nw/w.matt.123116/metadata/fonts ']'
[04:13:49] [INFO]   + for _W_cat in ${WINETRICKS_CATEGORIES}
[04:13:49] [INFO]   + w_try_mkdir -q /tmp/winetricks.sswDG0nw/w.matt.123116/metadata/settings
[04:13:49] [INFO]   + dir=-q
[04:13:49] [INFO]   + '[' -q = -q ']'
[04:13:49] [INFO]   + dir=/tmp/winetricks.sswDG0nw/w.matt.123116/metadata/settings
[04:13:49] [INFO]   + WINETRICKS_SUPER_QUIET=1
[04:13:49] [INFO]   + w_try mkdir -p /tmp/winetricks.sswDG0nw/w.matt.123116/metadata/settings
[04:13:49] [INFO]   + export WINEDLLOVERRIDES
[04:13:49] [INFO]   + '[' -z 1 ']'
[04:13:49] [INFO]   + case "$1" in
[04:13:49] [INFO]   + mkdir -p /tmp/winetricks.sswDG0nw/w.matt.123116/metadata/settings
[04:13:49] [INFO]   + status=0
[04:13:49] [INFO]   + en_ms_5='exit status 0 - user selected '\''Cancel'\'''
[04:13:49] [INFO]   + en_ms_105='exit status 0 - normal, user selected '\''restart now'\'''
[04:13:49] [INFO]   + en_ms_194='exit status 0 - normal, user selected '\''restart later'\'''
[04:13:49] [INFO]   + en_ms_236='exit status 0 - newer version detected'
[04:13:49] [INFO]   + bg_abort=$'\320\222\320\260\320\266\320\275\320\276: \320\272\320\276\320\274\320\260\320\275\320\264\320\260\321\202\320\260 mkdir -p /tmp/winetricks.sswDG0nw/w.matt.123116/metadata/settings \320\262\321\212\321\200\320\275\320\260 \321\201\321\202\320\260\321\202\321\203\321\201\320\260 0. \320\237\321\200\320\265\320\272\321\200\320\260\321\202\321\217\320\262\320\260\320\275\320\265.'
[04:13:49] [INFO]   + en_abort='Note: command mkdir -p /tmp/winetricks.sswDG0nw/w.matt.123116/metadata/settings returned status 0. Aborting.'
[04:13:49] [INFO]   + pl_abort=$'Informacja: poelcenie mkdir -p /tmp/winetricks.sswDG0nw/w.matt.123116/metadata/settings zwr\303\263ci\305\202o status 0. Przerywam.'
[04:13:49] [INFO]   + pt_abort='Nota: comando mkdir -p /tmp/winetricks.sswDG0nw/w.matt.123116/metadata/settings retornou o status 0. Cancelando.'
[04:13:49] [INFO]   + ru_abort=$'\320\222\320\260\320\266\320\275\320\276: \320\272\320\276\320\274\320\260\320\275\320\264\320\260 mkdir -p /tmp/winetricks.sswDG0nw/w.matt.123116/metadata/settings \320\262\320\265\321\200\320\275\321\203\320\273\320\260 \321\201\321\202\320\260\321\202\321\203\321\201 0. \320\237\321\200\320\265\321\200\321\213\320\262\320\260\320\275\320\270\320\265.'
[04:13:49] [INFO]   + zh_CN_abort=$'\346\263\250\346\204\217\357\274\232\345\221\275\344\273\244 mkdir -p /tmp/winetricks.sswDG0nw/w.matt.123116/metadata/settings \350\277\224\345\233\236\344\272\206\347\212\266\346\200\201\347\240\201 0\357\274\214\346\223\215\344\275\234\344\270\255\346\255\242\343\200\202'
[04:13:49] [INFO]   + '[' -n '' ']'
[04:13:49] [INFO]   + case ${status} in
[04:13:49] [INFO]   + '[' '!' -d /tmp/winetricks.sswDG0nw/w.matt.123116/metadata/settings ']'
[04:13:49] [INFO]   + for _W_cat in ${WINETRICKS_CATEGORIES}
[04:13:49] [INFO]   + w_try_mkdir -q /tmp/winetricks.sswDG0nw/w.matt.123116/metadata/mkprefix
[04:13:49] [INFO]   + dir=-q
[04:13:49] [INFO]   + '[' -q = -q ']'
[04:13:49] [INFO]   + dir=/tmp/winetricks.sswDG0nw/w.matt.123116/metadata/mkprefix
[04:13:49] [INFO]   + WINETRICKS_SUPER_QUIET=1
[04:13:49] [INFO]   + w_try mkdir -p /tmp/winetricks.sswDG0nw/w.matt.123116/metadata/mkprefix
[04:13:49] [INFO]   + export WINEDLLOVERRIDES
[04:13:49] [INFO]   + '[' -z 1 ']'
[04:13:49] [INFO]   + case "$1" in
[04:13:49] [INFO]   + mkdir -p /tmp/winetricks.sswDG0nw/w.matt.123116/metadata/mkprefix
[04:13:49] [INFO]   + status=0
[04:13:49] [INFO]   + en_ms_5='exit status 0 - user selected '\''Cancel'\'''
[04:13:49] [INFO]   + en_ms_105='exit status 0 - normal, user selected '\''restart now'\'''
[04:13:49] [INFO]   + en_ms_194='exit status 0 - normal, user selected '\''restart later'\'''
[04:13:49] [INFO]   + en_ms_236='exit status 0 - newer version detected'
[04:13:49] [INFO]   + bg_abort=$'\320\222\320\260\320\266\320\275\320\276: \320\272\320\276\320\274\320\260\320\275\320\264\320\260\321\202\320\260 mkdir -p /tmp/winetricks.sswDG0nw/w.matt.123116/metadata/mkprefix \320\262\321\212\321\200\320\275\320\260 \321\201\321\202\320\260\321\202\321\203\321\201\320\260 0. \320\237\321\200\320\265\320\272\321\200\320\260\321\202\321\217\320\262\320\260\320\275\320\265.'
[04:13:49] [INFO]   + en_abort='Note: command mkdir -p /tmp/winetricks.sswDG0nw/w.matt.123116/metadata/mkprefix returned status 0. Aborting.'
[04:13:49] [INFO]   + pl_abort=$'Informacja: poelcenie mkdir -p /tmp/winetricks.sswDG0nw/w.matt.123116/metadata/mkprefix zwr\303\263ci\305\202o status 0. Przerywam.'
[04:13:49] [INFO]   + pt_abort='Nota: comando mkdir -p /tmp/winetricks.sswDG0nw/w.matt.123116/metadata/mkprefix retornou o status 0. Cancelando.'
[04:13:49] [INFO]   + ru_abort=$'\320\222\320\260\320\266\320\275\320\276: \320\272\320\276\320\274\320\260\320\275\320\264\320\260 mkdir -p /tmp/winetricks.sswDG0nw/w.matt.123116/metadata/mkprefix \320\262\320\265\321\200\320\275\321\203\320\273\320\260 \321\201\321\202\320\260\321\202\321\203\321\201 0. \320\237\321\200\320\265\321\200\321\213\320\262\320\260\320\275\320\270\320\265.'
[04:13:49] [INFO]   + zh_CN_abort=$'\346\263\250\346\204\217\357\274\232\345\221\275\344\273\244 mkdir -p /tmp/winetricks.sswDG0nw/w.matt.123116/metadata/mkprefix \350\277\224\345\233\236\344\272\206\347\212\266\346\200\201\347\240\201 0\357\274\214\346\223\215\344\275\234\344\270\255\346\255\242\343\200\202'
[04:13:49] [INFO]   + '[' -n '' ']'
[04:13:49] [INFO]   + case ${status} in
[04:13:49] [INFO]   + '[' '!' -d /tmp/winetricks.sswDG0nw/w.matt.123116/metadata/mkprefix ']'
[04:13:49] [INFO]   + WINETRICKS_CURMENU=prefix
[04:13:49] [INFO]   + trap winetricks_cleanup EXIT HUP INT QUIT ABRT
[04:13:49] [INFO]   + WINETRICKS_OPT_SHAREDPREFIX=1
[04:13:49] [INFO]   + winetricks_get_sha256sum_prog
[04:13:49] [INFO]   ++ command -v sha256sum
[04:13:49] [INFO]   + '[' -x /usr/bin/sha256sum ']'
[04:13:49] [INFO]   + WINETRICKS_SHA256SUM=sha256sum
[04:13:49] [INFO]   + winetricks_get_platform
[04:13:49] [INFO]   + '[' '' = Windows_NT ']'
[04:13:49] [INFO]   + export W_PLATFORM=wine
[04:13:49] [INFO]   + W_PLATFORM=wine
[04:13:49] [INFO]   + '[' -n '' ']'
[04:13:49] [INFO]   + test -d /home/matt/Library
[04:13:49] [INFO]   + XDG_CACHE_HOME=/home/matt/.cache
[04:13:49] [INFO]   + XDG_CONFIG_HOME=/home/matt/Library/Preferences
[04:13:49] [INFO]   + test ''
[04:13:49] [INFO]   + W_CACHE=/home/matt/.cache/winetricks
[04:13:49] [INFO]   + WINETRICKS_POST=/home/matt/.local/share/winetricks/postinstall
[04:13:49] [INFO]   + WINETRICKS_AUTH=/home/matt/.local/share/winetricks/auth
[04:13:49] [INFO]   + WINETRICKS_CONFIG=/home/matt/Library/Preferences/winetricks
[04:13:49] [INFO]   + test -z '' -a -f /home/matt/Library/Preferences/winetricks/country
[04:13:49] [INFO]   ++ command -v taskset
[04:13:49] [INFO]   + '[' -x /usr/bin/taskset ']'
[04:13:49] [INFO]   + W_TASKSET='taskset -c 0'
[04:13:49] [INFO]   + winetricks_set_unattended 1
[04:13:49] [INFO]   + case "$1" in
[04:13:49] [INFO]   + W_OPT_UNATTENDED=1
[04:13:49] [INFO]   + winetricks_wine_setup
[04:13:49] [INFO]   + '[' -n '' ']'
[04:13:49] [INFO]   + winetricks_latest_version_check
[04:13:49] [INFO]   + '[' '' = disabled ']'
[04:13:49] [INFO]   + '[' -f /home/matt/Library/Preferences/winetricks/disable-latest-version-check ']'
[04:13:49] [INFO]   + '[' '' = development ']'
[04:13:49] [INFO]   ++ winetricks_dl_url_to_stdout https://raw.githubusercontent.com/Winetricks/winetricks/master/files/LATEST
[04:13:49] [INFO]   ++ winetricks_download_setup
[04:13:49] [INFO]   ++ case "${WINETRICKS_DOWNLOADER}" in
[04:13:49] [INFO]   +++ command -v aria2c
[04:13:49] [INFO]   ++ '[' -x '' ']'
[04:13:49] [INFO]   +++ command -v wget
[04:13:49] [INFO]   ++ '[' -x /usr/bin/wget ']'
[04:13:49] [INFO]   ++ WINETRICKS_DOWNLOADER=wget
[04:13:49] [INFO]   ++ WINETRICKS_DOWNLOADER_RETRIES=3
[04:13:49] [INFO]   ++ WINETRICKS_DOWNLOADER_TIMEOUT=15
[04:13:49] [INFO]   ++ case "${WINETRICKS_OPT_TORIFY}" in
[04:13:49] [INFO]   ++ torify=
[04:13:49] [INFO]   ++ aria2c_torify_opts=
[04:13:49] [INFO]   ++ '[' wget = wget ']'
[04:13:49] [INFO]   ++ wget -q -O - --timeout 15 --tries 3 https://raw.githubusercontent.com/Winetricks/winetricks/master/files/LATEST
[04:13:50] [INFO]   + latest_version=20250102
[04:13:50] [INFO]   + echo 20250102
[04:13:50] [INFO]   + grep -q -E '[0-9]{8}'
[04:13:50] [INFO]   + '[' -z 20250102 ']'
[04:13:50] [INFO]   + '[' '!' 20250102-next = 20250102 ']'
[04:13:50] [INFO]   + '[' '!' 20250102-next = 20250102-next ']'
[04:13:50] [INFO]   + case "${W_PLATFORM}" in
[04:13:50] [INFO]   + WINE=wine
[04:13:50] [INFO]   ++ command -v wineserver
[04:13:50] [INFO]   ++ dirname wine
[04:13:50] [INFO]   ++ dirname wine
[04:13:50] [INFO]   + for x in "${WINESERVER}" "${WINE}server" "$(command -v wineserver 2&gt; /dev/null)" "$(dirname "${WINE}")/server/wineserver" "$(dirname "${WINE}")/wineserver" /usr/bin/wineserver-development /usr/lib/wine/wineserver /usr/lib/i386-kfreebsd-gnu/wine/wineserver /usr/lib/i386-linux-gnu/wine/wineserver /usr/lib/powerpc-linux-gnu/wine/wineserver /usr/lib/i386-kfreebsd-gnu/wine/bin/wineserver /usr/lib/i386-linux-gnu/wine/bin/wineserver /usr/lib/powerpc-linux-gnu/wine/bin/wineserver /usr/lib/x86_64-linux-gnu/wine/bin/wineserver /usr/lib/i386-kfreebsd-gnu/wine-development/wineserver /usr/lib/i386-linux-gnu/wine-development/wineserver /usr/lib/powerpc-linux-gnu/wine-development/wineserver /usr/lib/x86_64-linux-gnu/wine-development/wineserver file-not-found
[04:13:50] [INFO]   + test -x ''
[04:13:50] [INFO]   + for x in "${WINESERVER}" "${WINE}server" "$(command -v wineserver 2&gt; /dev/null)" "$(dirname "${WINE}")/server/wineserver" "$(dirname "${WINE}")/wineserver" /usr/bin/wineserver-development /usr/lib/wine/wineserver /usr/lib/i386-kfreebsd-gnu/wine/wineserver /usr/lib/i386-linux-gnu/wine/wineserver /usr/lib/powerpc-linux-gnu/wine/wineserver /usr/lib/i386-kfreebsd-gnu/wine/bin/wineserver /usr/lib/i386-linux-gnu/wine/bin/wineserver /usr/lib/powerpc-linux-gnu/wine/bin/wineserver /usr/lib/x86_64-linux-gnu/wine/bin/wineserver /usr/lib/i386-kfreebsd-gnu/wine-development/wineserver /usr/lib/i386-linux-gnu/wine-development/wineserver /usr/lib/powerpc-linux-gnu/wine-development/wineserver /usr/lib/x86_64-linux-gnu/wine-development/wineserver file-not-found
[04:13:50] [INFO]   + test -x wineserver
[04:13:50] [INFO]   + for x in "${WINESERVER}" "${WINE}server" "$(command -v wineserver 2&gt; /dev/null)" "$(dirname "${WINE}")/server/wineserver" "$(dirname "${WINE}")/wineserver" /usr/bin/wineserver-development /usr/lib/wine/wineserver /usr/lib/i386-kfreebsd-gnu/wine/wineserver /usr/lib/i386-linux-gnu/wine/wineserver /usr/lib/powerpc-linux-gnu/wine/wineserver /usr/lib/i386-kfreebsd-gnu/wine/bin/wineserver /usr/lib/i386-linux-gnu/wine/bin/wineserver /usr/lib/powerpc-linux-gnu/wine/bin/wineserver /usr/lib/x86_64-linux-gnu/wine/bin/wineserver /usr/lib/i386-kfreebsd-gnu/wine-development/wineserver /usr/lib/i386-linux-gnu/wine-development/wineserver /usr/lib/powerpc-linux-gnu/wine-development/wineserver /usr/lib/x86_64-linux-gnu/wine-development/wineserver file-not-found
[04:13:50] [INFO]   + test -x /home/matt/.AffinityLinux/wine-tkg/wine-10.19-staging-amd64/bin/wineserver
[04:13:50] [INFO]   + case "${x}" in
[04:13:50] [INFO]   + break
[04:13:50] [INFO]   + case "${x}" in
[04:13:50] [INFO]   + WINESERVER=/home/matt/.AffinityLinux/wine-tkg/wine-10.19-staging-amd64/bin/wineserver
[04:13:50] [INFO]   + test /home/matt/.AffinityLinux
[04:13:50] [INFO]   + WINETRICKS_ORIGINAL_WINEPREFIX=/home/matt/.AffinityLinux
[04:13:50] [INFO]   ++ command -v wine
[04:13:50] [INFO]   + _abswine=/home/matt/.AffinityLinux/wine-tkg/wine-10.19-staging-amd64/bin/wine
[04:13:50] [INFO]   + test -x /home/matt/.AffinityLinux/wine-tkg/wine-10.19-staging-amd64/bin/wine
[04:13:50] [INFO]   + test -f /home/matt/.AffinityLinux/wine-tkg/wine-10.19-staging-amd64/bin/wine
[04:13:50] [INFO]   + unset _abswine
[04:13:50] [INFO]   ++ winetricks_early_wine --version
[04:13:50] [INFO]   ++ sed 's/.*wine/wine/'
[04:13:50] [INFO]   ++ WINEDEBUG=-all
[04:13:50] [INFO]   ++ wine --version
[04:13:50] [INFO]   ++ sed 's/.*1h.=//'
[04:13:50] [INFO]   ++ tr -d '\r'
[04:13:50] [INFO]   ++ grep -v -e 'Module not found' -e 'Could not load wine-gecko'
[04:13:50] [INFO]   + WINETRICKS_WINE_VERSION='wine-10.19 (Staging)'
[04:13:50] [INFO]   + WINETRICKS_ORIG_WINE_VERSION='wine-10.19 (Staging)'
[04:13:50] [INFO]   ++ echo 'wine-10.19 (Staging)'
[04:13:50] [INFO]   ++ cut -d ' ' -f1
[04:13:50] [INFO]   ++ sed -e s/wine-// -e 's/-rc.*//'
[04:13:50] [INFO]   + _wine_version_stripped=10.19
[04:13:50] [INFO]   + w_wine_version_in ,7.99
[04:13:50] [INFO]   + for _W_range in "$@"
[04:13:50] [INFO]   ++ echo ,7.99
[04:13:50] [INFO]   ++ sed 's/,.*//'
[04:13:50] [INFO]   + _W_val1=
[04:13:50] [INFO]   ++ echo ,7.99
[04:13:50] [INFO]   ++ sed 's/.*,//'
[04:13:50] [INFO]   + _W_val2=7.99
[04:13:50] [INFO]   + case ${_W_range} in
[04:13:50] [INFO]   + w_compare_wine_version -le 7.99
[04:13:50] [INFO]   + comparison=-le
[04:13:50] [INFO]   + known_wine_val1=7.99
[04:13:50] [INFO]   + known_wine_val2=
[04:13:50] [INFO]   + case "${comparison}" in
[04:13:50] [INFO]   + _expected_pos_current_wine=1
[04:13:50] [INFO]   + case "${_wine_version_stripped}" in
[04:13:50] [INFO]   ++ printf '%s\n%s\n%s' 7.99 10.19 ''
[04:13:50] [INFO]   ++ sort -t. -k 1,1n -k 2,2n -k 3,3n
[04:13:50] [INFO]   ++ grep -n '^10.19$'
[04:13:50] [INFO]   ++ cut -d : -f1
[04:13:50] [INFO]   + _pos_current_wine=2
[04:13:50] [INFO]   + '[' 2 = 1 ']'
[04:13:50] [INFO]   + return 1
[04:13:50] [INFO]   + unset _W_range _W_val1 _W_val2
[04:13:50] [INFO]   + return 1
[04:13:50] [INFO]   + winetricks_set_wineprefix ''
[04:13:50] [INFO]   + test ''
[04:13:50] [INFO]   + WINEPREFIX=/home/matt/.AffinityLinux
[04:13:50] [INFO]   + test /home/matt/.AffinityLinux = ''
[04:13:50] [INFO]   + LAST_WINEPREFIX=/home/matt/.AffinityLinux
[04:13:50] [INFO]   + export WINEPREFIX
[04:13:50] [INFO]   ++ dirname /home/matt/.AffinityLinux
[04:13:50] [INFO]   + w_try_mkdir /home/matt
[04:13:50] [INFO]   + dir=/home/matt
[04:13:50] [INFO]   + '[' /home/matt = -q ']'
[04:13:50] [INFO]   + '[' '!' -d /home/matt ']'
[04:13:50] [INFO]   + case "${W_PLATFORM}" in
[04:13:50] [INFO]   + W_DRIVE_C=/home/matt/.AffinityLinux/dosdevices/c:
[04:13:50] [INFO]   + W_WINDIR_UNIX=/home/matt/.AffinityLinux/dosdevices/c:/windows
[04:13:50] [INFO]   + '[' '!' -d /home/matt/.AffinityLinux ']'
[04:13:50] [INFO]   + w_try winetricks_early_wine cmd /c 'echo init'
[04:13:50] [INFO]   ++ uname -s
[04:13:50] [INFO]   + '[' Linux = Darwin ']'
[04:13:50] [INFO]   + test -d /home/matt/.AffinityLinux/dosdevices/c:/windows/syswow64
[04:13:50] [INFO]   + '[' -z '' ']'
[04:13:50] [INFO]   ++ command -v /home/matt/.AffinityLinux/wine-tkg/wine-10.19-staging-amd64/bin/wineserver
[04:13:50] [INFO]   + WINESERVER_BIN=/home/matt/.AffinityLinux/wine-tkg/wine-10.19-staging-amd64/bin/wineserver
[04:13:50] [INFO]   + '[' -n '' ']'
[04:13:50] [INFO]   ++ uname -s
[04:13:50] [INFO]   + '[' Linux = Darwin ']'
[04:13:50] [INFO]   + READLINK_F='readlink -f'
[04:13:50] [INFO]   ++ dirname /home/matt/.AffinityLinux/wine-tkg/wine-10.19-staging-amd64/bin/wineserver
[04:13:50] [INFO]   ++ basename /home/matt/.AffinityLinux/wine-tkg/wine-10.19-staging-amd64/bin/wineserver
[04:13:50] [INFO]   ++ sed s,wineserver,wineboot,
[04:13:50] [INFO]   + WINEBOOT_BIN=/home/matt/.AffinityLinux/wine-tkg/wine-10.19-staging-amd64/bin/wineboot
[04:13:50] [INFO]   ++ winetricks_get_file_arch /home/matt/.AffinityLinux/wine-tkg/wine-10.19-staging-amd64/bin/wineserver
[04:13:50] [INFO]   ++ _W_file=/home/matt/.AffinityLinux/wine-tkg/wine-10.19-staging-amd64/bin/wineserver
[04:13:50] [INFO]   +++ uname -s
[04:13:50] [INFO]   ++ '[' Linux = Darwin ']'
[04:13:50] [INFO]   +++ od -An -t x1 -j 0x12 -N 1 /home/matt/.AffinityLinux/wine-tkg/wine-10.19-staging-amd64/bin/wineserver
[04:13:50] [INFO]   +++ tr -d '[:space:]'
[04:13:50] [INFO]   ++ _W_ob_output=3e
[04:13:50] [INFO]   ++ case "${_W_ob_output}" in
[04:13:50] [INFO]   ++ _W_file_arch=x86_64
[04:13:50] [INFO]   ++ echo x86_64
[04:13:50] [INFO]   + _W_wineserver_binary_arch=x86_64
[04:13:50] [INFO]   + '[' -z x86_64 ']'
[04:13:50] [INFO]   + '[' -z x86_64 ']'
[04:13:50] [INFO]   + '[' -z '' ']'
[04:13:50] [INFO]   ++ command -v wine
[04:13:50] [INFO]   + WINE_BIN=/home/matt/.AffinityLinux/wine-tkg/wine-10.19-staging-amd64/bin/wine
[04:13:50] [INFO]   ++ winetricks_get_file_arch /home/matt/.AffinityLinux/wine-tkg/wine-10.19-staging-amd64/bin/wine
[04:13:50] [INFO]   ++ _W_file=/home/matt/.AffinityLinux/wine-tkg/wine-10.19-staging-amd64/bin/wine
[04:13:50] [INFO]   +++ uname -s
[04:13:50] [INFO]   ++ '[' Linux = Darwin ']'
[04:13:50] [INFO]   +++ od -An -t x1 -j 0x12 -N 1 /home/matt/.AffinityLinux/wine-tkg/wine-10.19-staging-amd64/bin/wine
[04:13:50] [INFO]   +++ tr -d '[:space:]'
[04:13:50] [INFO]   ++ _W_ob_output=3e
[04:13:50] [INFO]   ++ case "${_W_ob_output}" in
[04:13:50] [INFO]   ++ _W_file_arch=x86_64
[04:13:50] [INFO]   ++ echo x86_64
[04:13:50] [INFO]   + _W_wine_binary_arch=x86_64
[04:13:50] [INFO]   + '[' -z x86_64 ']'
[04:13:50] [INFO]   + '[' -z x86_64 ']'
[04:13:50] [INFO]   + '[' -z x86_64 ']'
[04:13:50] [INFO]   + '[' -z x86_64 ']'
[04:13:50] [INFO]   + '[' x86_64 = x86_64 ']'
[04:13:50] [INFO]   + _W_wow64_style=new
[04:13:50] [INFO]   + '[' -n '' ']'
[04:13:50] [INFO]   + '[' new = new ']'
[04:13:50] [INFO]   + WINE64=wine
[04:13:50] [INFO]   + WINE_ARCH=wine
[04:13:50] [INFO]   + WINE_MULTI=wine
[04:13:50] [INFO]   + W_ARCH=win64
[04:13:50] [INFO]   ++ w_expand_env ProgramFiles
[04:13:50] [INFO]   ++ winetricks_early_wine_arch cmd.exe /c 'chcp 65001 &gt; nul & echo %ProgramFiles%'
[04:13:50] [INFO]   ++ WINE=wine
[04:13:50] [INFO]   ++ winetricks_early_wine cmd.exe /c 'chcp 65001 &gt; nul & echo %ProgramFiles%'
[04:13:50] [INFO]   ++ WINEDEBUG=-all
[04:13:50] [INFO]   ++ wine cmd.exe /c 'chcp 65001 &gt; nul & echo %ProgramFiles%'
[04:13:50] [INFO]   ++ sed 's/.*1h.=//'
[04:13:50] [INFO]   ++ tr -d '\r'
[04:13:50] [INFO]   ++ grep -v -e 'Module not found' -e 'Could not load wine-gecko'
[04:13:50] [INFO]   ++ true
[04:13:50] [INFO]   + W_PROGRAMS_WIN=
[04:13:50] [INFO]   ++ w_pathconv -u ''
[04:13:50] [INFO]   ++ case "${W_PLATFORM}" in
[04:13:50] [INFO]   ++ case "$@" in
[04:13:50] [INFO]   ++ w_winepath -u ''
[04:13:50] [INFO]   ++ winetricks_early_wine winepath -u ''
[04:13:50] [INFO]   ++ WINEDEBUG=-all
[04:13:50] [INFO]   ++ wine winepath -u ''
[04:13:50] [INFO]   ++ sed 's/.*1h.=//'
[04:13:50] [INFO]   ++ tr -d '\r'
[04:13:50] [INFO]   ++ grep -v -e 'Module not found' -e 'Could not load wine-gecko'
[04:13:50] [INFO]   ++ true
[04:13:50] [INFO]   + W_PROGRAMS_UNIX=
[04:13:50] [INFO]   + W_SYSTEM32_DLLS=/home/matt/.AffinityLinux/dosdevices/c:/windows/syswow64
[04:13:50] [INFO]   + W_SYSTEM32_DLLS_WIN='C:\windows\syswow64'
[04:13:50] [INFO]   + W_SYSTEM64_DLLS=/home/matt/.AffinityLinux/dosdevices/c:/windows/system32
[04:13:50] [INFO]   + W_SYSTEM64_DLLS_WIN32='C:\windows\sysnative'
[04:13:50] [INFO]   + W_SYSTEM64_DLLS_WIN64='C:\windows\system32'
[04:13:50] [INFO]   ++ w_expand_env ProgramW6432
[04:13:50] [INFO]   ++ winetricks_early_wine_arch cmd.exe /c 'chcp 65001 &gt; nul & echo %ProgramW6432%'
[04:13:50] [INFO]   ++ WINE=wine
[04:13:50] [INFO]   ++ winetricks_early_wine cmd.exe /c 'chcp 65001 &gt; nul & echo %ProgramW6432%'
[04:13:50] [INFO]   ++ WINEDEBUG=-all
[04:13:50] [INFO]   ++ wine cmd.exe /c 'chcp 65001 &gt; nul & echo %ProgramW6432%'
[04:13:50] [INFO]   ++ sed 's/.*1h.=//'
[04:13:50] [INFO]   ++ tr -d '\r'
[04:13:50] [INFO]   ++ grep -v -e 'Module not found' -e 'Could not load wine-gecko'
[04:13:50] [INFO]   ++ true
[04:13:50] [INFO]   + W_PROGRAMW6432_WIN=
[04:13:50] [INFO]   ++ w_pathconv -u ''
[04:13:50] [INFO]   ++ case "${W_PLATFORM}" in
[04:13:50] [INFO]   ++ case "$@" in
[04:13:50] [INFO]   ++ w_winepath -u ''
[04:13:50] [INFO]   ++ winetricks_early_wine winepath -u ''
[04:13:50] [INFO]   ++ WINEDEBUG=-all
[04:13:50] [INFO]   ++ wine winepath -u ''
[04:13:50] [INFO]   ++ sed 's/.*1h.=//'
[04:13:50] [INFO]   ++ tr -d '\r'
[04:13:50] [INFO]   ++ grep -v -e 'Module not found' -e 'Could not load wine-gecko'
[04:13:50] [INFO]   ++ true
[04:13:50] [INFO]   + W_PROGRAMW6432_UNIX=
[04:13:50] [INFO]   + W_PROGRAMS_X86_WIN=' (x86)'
[04:13:50] [INFO]   + W_PROGRAMS_X86_UNIX=' (x86)'
[04:13:50] [INFO]   ++ w_expand_env 'CommonProgramFiles(x86)'
[04:13:50] [INFO]   ++ winetricks_early_wine_arch cmd.exe /c 'chcp 65001 &gt; nul & echo %CommonProgramFiles(x86)%'
[04:13:50] [INFO]   ++ WINE=wine
[04:13:50] [INFO]   ++ winetricks_early_wine cmd.exe /c 'chcp 65001 &gt; nul & echo %CommonProgramFiles(x86)%'
[04:13:50] [INFO]   ++ WINEDEBUG=-all
[04:13:50] [INFO]   ++ wine cmd.exe /c 'chcp 65001 &gt; nul & echo %CommonProgramFiles(x86)%'
[04:13:50] [INFO]   ++ sed 's/.*1h.=//'
[04:13:50] [INFO]   ++ tr -d '\r'
[04:13:50] [INFO]   ++ grep -v -e 'Module not found' -e 'Could not load wine-gecko'
[04:13:50] [INFO]   ++ true
[04:13:50] [INFO]   + W_COMMONFILES_X86_WIN=
[04:13:50] [INFO]   ++ w_pathconv -u ''
[04:13:50] [INFO]   ++ case "${W_PLATFORM}" in
[04:13:50] [INFO]   ++ case "$@" in
[04:13:50] [INFO]   ++ w_winepath -u ''
[04:13:50] [INFO]   ++ winetricks_early_wine winepath -u ''
[04:13:50] [INFO]   ++ WINEDEBUG=-all
[04:13:50] [INFO]   ++ wine winepath -u ''
[04:13:50] [INFO]   ++ sed 's/.*1h.=//'
[04:13:50] [INFO]   ++ tr -d '\r'
[04:13:50] [INFO]   ++ grep -v -e 'Module not found' -e 'Could not load wine-gecko'
[04:13:50] [INFO]   ++ true
[04:13:50] [INFO]   + W_COMMONFILES_X86=
[04:13:50] [INFO]   ++ w_expand_env CommonProgramW6432
[04:13:50] [INFO]   ++ winetricks_early_wine_arch cmd.exe /c 'chcp 65001 &gt; nul & echo %CommonProgramW6432%'
[04:13:50] [INFO]   ++ WINE=wine
[04:13:50] [INFO]   ++ winetricks_early_wine cmd.exe /c 'chcp 65001 &gt; nul & echo %CommonProgramW6432%'
[04:13:50] [INFO]   ++ WINEDEBUG=-all
[04:13:50] [INFO]   ++ wine cmd.exe /c 'chcp 65001 &gt; nul & echo %CommonProgramW6432%'
[04:13:50] [INFO]   ++ sed 's/.*1h.=//'
[04:13:50] [INFO]   ++ tr -d '\r'
[04:13:50] [INFO]   ++ grep -v -e 'Module not found' -e 'Could not load wine-gecko'
[04:13:50] [INFO]   ++ true
[04:13:50] [INFO]   + W_COMMONFILES_WIN=
[04:13:50] [INFO]   ++ w_pathconv -u ''
[04:13:50] [INFO]   ++ case "${W_PLATFORM}" in
[04:13:50] [INFO]   ++ case "$@" in
[04:13:50] [INFO]   ++ w_winepath -u ''
[04:13:50] [INFO]   ++ winetricks_early_wine winepath -u ''
[04:13:50] [INFO]   ++ WINEDEBUG=-all
[04:13:50] [INFO]   ++ wine winepath -u ''
[04:13:50] [INFO]   ++ sed 's/.*1h.=//'
[04:13:50] [INFO]   ++ tr -d '\r'
[04:13:50] [INFO]   ++ grep -v -e 'Module not found' -e 'Could not load wine-gecko'
[04:13:50] [INFO]   ++ true
[04:13:50] [INFO]   + W_COMMONFILES=
[04:13:50] [INFO]   + test -z ''
[04:13:50] [INFO]   + test -f /home/matt/.cache/winetricks/no_win64_warnings
[04:13:50] [INFO]   + test -f /home/matt/.AffinityLinux/no_win64_warnings
[04:13:50] [INFO]   + test -f /tmp/winetricks.sswDG0nw/no_win64_warnings
[04:13:50] [INFO]   + W_NO_WIN64_WARNINGS=0
[04:13:50] [INFO]   + '[' 1 = 1 ']'
[04:13:50] [INFO]   + W_NO_WIN64_WARNINGS=1
[04:13:50] [INFO]   + case ${WINETRICKS_GUI} in
[04:13:50] [INFO]   + true
[04:13:50] [INFO]   + '[' 1 = 0 ']'
[04:13:50] [INFO]   ++ w_expand_env AppData
[04:13:50] [INFO]   ++ winetricks_early_wine_arch cmd.exe /c 'chcp 65001 &gt; nul & echo %AppData%'
[04:13:50] [INFO]   ++ WINE=wine
[04:13:50] [INFO]   ++ winetricks_early_wine cmd.exe /c 'chcp 65001 &gt; nul & echo %AppData%'
[04:13:50] [INFO]   ++ WINEDEBUG=-all
[04:13:50] [INFO]   ++ wine cmd.exe /c 'chcp 65001 &gt; nul & echo %AppData%'
[04:13:50] [INFO]   ++ sed 's/.*1h.=//'
[04:13:50] [INFO]   ++ tr -d '\r'
[04:13:50] [INFO]   ++ grep -v -e 'Module not found' -e 'Could not load wine-gecko'
[04:13:50] [INFO]   ++ true
[04:13:50] [INFO]   + W_APPDATA_WIN=
[04:13:50] [INFO]   ++ w_pathconv -u ''
[04:13:50] [INFO]   ++ case "${W_PLATFORM}" in
[04:13:50] [INFO]   ++ case "$@" in
[04:13:50] [INFO]   ++ w_winepath -u ''
[04:13:50] [INFO]   ++ winetricks_early_wine winepath -u ''
[04:13:50] [INFO]   ++ WINEDEBUG=-all
[04:13:50] [INFO]   ++ wine winepath -u ''
[04:13:50] [INFO]   ++ sed 's/.*1h.=//'
[04:13:50] [INFO]   ++ tr -d '\r'
[04:13:50] [INFO]   ++ grep -v -e 'Module not found' -e 'Could not load wine-gecko'
[04:13:50] [INFO]   ++ true
[04:13:50] [INFO]   + W_APPDATA_UNIX=
[04:13:50] [INFO]   + case "${W_APPDATA_WIN}" in
[04:13:50] [INFO]   ++ winetricks_print_wineprefix_info
[04:13:50] [INFO]   ++ printf 'WINEPREFIX INFO:\n'
[04:13:50] [INFO]   +++ ls -al1 /home/matt/.AffinityLinux/drive_c
[04:13:50] [INFO]   ++ printf 'Drive C: %s\n\n' $'total 12\ndrwxr-xr-x.  7 matt matt  101 Nov 25 17:42 .\ndrwxr-xr-x.  9 matt matt 4096 Nov 26 04:13 ..\ndrwxr-xr-x. 10 matt matt 4096 Nov 25 17:46 Program Files\ndrwxr-xr-x. 10 matt matt  178 Nov 25 17:45 Program Files (x86)\ndrwxr-xr-x.  5 matt matt   60 Nov 25 21:23 ProgramData\ndrwxr-xr-x.  4 matt matt   32 Nov 25 17:36 users\ndrwxr-xr-x. 25 matt matt 4096 Nov 25 17:43 windows'
[04:13:50] [INFO]   ++ printf 'Registry info:\n'
[04:13:50] [INFO]   ++ for regfile in "${WINEPREFIX}"/*.reg
[04:13:50] [INFO]   +++ grep '#arch=' /home/matt/.AffinityLinux/system.reg
[04:13:50] [INFO]   ++ printf '%s:%s\n' /home/matt/.AffinityLinux/system.reg '#arch=win64'
[04:13:50] [INFO]   ++ for regfile in "${WINEPREFIX}"/*.reg
[04:13:50] [INFO]   +++ grep '#arch=' /home/matt/.AffinityLinux/user.reg
[04:13:50] [INFO]   ++ printf '%s:%s\n' /home/matt/.AffinityLinux/user.reg '#arch=win64'
[04:13:50] [INFO]   ++ for regfile in "${WINEPREFIX}"/*.reg
[04:13:50] [INFO]   +++ grep '#arch=' /home/matt/.AffinityLinux/userdef.reg
[04:13:50] [INFO]   ++ printf '%s:%s\n' /home/matt/.AffinityLinux/userdef.reg '#arch=win64'
[04:13:50] [INFO]   + w_info $'WINEPREFIX INFO:\nDrive C: total 12\ndrwxr-xr-x.  7 matt matt  101 Nov 25 17:42 .\ndrwxr-xr-x.  9 matt matt 4096 Nov 26 04:13 ..\ndrwxr-xr-x. 10 matt matt 4096 Nov 25 17:46 Program Files\ndrwxr-xr-x. 10 matt matt  178 Nov 25 17:45 Program Files (x86)\ndrwxr-xr-x.  5 matt matt   60 Nov 25 21:23 ProgramData\ndrwxr-xr-x.  4 matt matt   32 Nov 25 17:36 users\ndrwxr-xr-x. 25 matt matt 4096 Nov 25 17:43 windows\n\nRegistry info:\n/home/matt/.AffinityLinux/system.reg:#arch=win64\n/home/matt/.AffinityLinux/user.reg:#arch=win64\n/home/matt/.AffinityLinux/userdef.reg:#arch=win64'
[04:13:50] [INFO]   + '[' -z '' ']'
[04:13:50] [INFO]   + printf '%s\n%b\n%s\n' ------------------------------------------------------ $'WINEPREFIX INFO:\nDrive C: total 12\ndrwxr-xr-x.  7 matt matt  101 Nov 25 17:42 .\ndrwxr-xr-x.  9 matt matt 4096 Nov 26 04:13 ..\ndrwxr-xr-x. 10 matt matt 4096 Nov 25 17:46 Program Files\ndrwxr-xr-x. 10 matt matt  178 Nov 25 17:45 Program Files (x86)\ndrwxr-xr-x.  5 matt matt   60 Nov 25 21:23 ProgramData\ndrwxr-xr-x.  4 matt matt   32 Nov 25 17:36 users\ndrwxr-xr-x. 25 matt matt 4096 Nov 25 17:43 windows\n\nRegistry info:\n/home/matt/.AffinityLinux/system.reg:#arch=win64\n/home/matt/.AffinityLinux/user.reg:#arch=win64\n/home/matt/.AffinityLinux/userdef.reg:#arch=win64' ------------------------------------------------------
[04:13:50] [INFO]   ------------------------------------------------------
[04:13:50] [INFO]   WINEPREFIX INFO:
[04:13:50] [INFO]   Drive C: total 12
[04:13:50] [INFO]   drwxr-xr-x.  7 matt matt  101 Nov 25 17:42 .
[04:13:50] [INFO]   drwxr-xr-x.  9 matt matt 4096 Nov 26 04:13 ..
[04:13:50] [INFO]   drwxr-xr-x. 10 matt matt 4096 Nov 25 17:46 Program Files
[04:13:50] [INFO]   drwxr-xr-x. 10 matt matt  178 Nov 25 17:45 Program Files (x86)
[04:13:50] [INFO]   drwxr-xr-x.  5 matt matt   60 Nov 25 21:23 ProgramData
[04:13:50] [INFO]   drwxr-xr-x.  4 matt matt   32 Nov 25 17:36 users
[04:13:50] [INFO]   drwxr-xr-x. 25 matt matt 4096 Nov 25 17:43 windows
[04:13:50] [INFO]   Registry info:
[04:13:50] [INFO]   /home/matt/.AffinityLinux/system.reg:#arch=win64
[04:13:50] [INFO]   /home/matt/.AffinityLinux/user.reg:#arch=win64
[04:13:50] [INFO]   /home/matt/.AffinityLinux/userdef.reg:#arch=win64
[04:13:50] [INFO]   ------------------------------------------------------
[04:13:50] [INFO]   + test 1
[04:13:50] [INFO]   + case ${WINETRICKS_GUI} in
[04:13:50] [INFO]   ++ cat /tmp/winetricks.sswDG0nw/early_wine.err.txt
[04:13:50] [INFO]   + w_die $'wine cmd.exe /c echo \'%AppData%\' returned empty string, error message "wine client error:0: version mismatch 877/929.\nYour wineserver binary was not upgraded correctly,\nor you have an older one somewhere in your PATH.\nOr maybe the wrong wineserver is still running?" '
[04:13:50] [INFO]   + w_warn $'wine cmd.exe /c echo \'%AppData%\' returned empty string, error message "wine client error:0: version mismatch 877/929.\nYour wineserver binary was not upgraded correctly,\nor you have an older one somewhere in your PATH.\nOr maybe the wrong wineserver is still running?" '
[04:13:50] [INFO]   + '[' -z '' ']'
[04:13:50] [INFO]   + printf '%s\nwarning: %b\n%s\n' ------------------------------------------------------ $'wine cmd.exe /c echo \'%AppData%\' returned empty string, error message "wine client error:0: version mismatch 877/929.\nYour wineserver binary was not upgraded correctly,\nor you have an older one somewhere in your PATH.\nOr maybe the wrong wineserver is still running?" ' ------------------------------------------------------
[04:13:50] [INFO]   ------------------------------------------------------
[04:13:50] [INFO]   warning: wine cmd.exe /c echo '%AppData%' returned empty string, error message "wine client error:0: version mismatch 877/929.
[04:13:50] [INFO]   Your wineserver binary was not upgraded correctly,
[04:13:50] [INFO]   or you have an older one somewhere in your PATH.
[04:13:50] [INFO]   Or maybe the wrong wineserver is still running?"
[04:13:50] [INFO]   ------------------------------------------------------
[04:13:50] [INFO]   + test 1
[04:13:50] [INFO]   + case ${WINETRICKS_GUI} in
[04:13:50] [INFO]   + unset _W_timeout
[04:13:50] [INFO]   + exit 1
[04:13:50] [INFO]   + winetricks_cleanup
[04:13:50] [INFO]   + test ''
[04:13:50] [INFO]   + set +e
[04:13:50] [INFO]   + test -f /tmp/winetricks.sswDG0nw/w.matt.123116/dd-pid
[04:13:50] [INFO]   + test ''
[04:13:50] [INFO]   + '[' -z '' ']'
[04:13:50] [INFO]   + rm -rf /tmp/winetricks.sswDG0nw/w.matt.123116
[04:13:50] [INFO]   + rm -rf /tmp/winetricks.sswDG0nw
[04:13:50] [INFO]   + rm -rf /home/matt/.AffinityLinux/wrapper.cfg
[04:13:50] [INFO]   + rm -rf /home/matt/.AffinityLinux/no_win64_warnings
[04:13:50] [ERROR] Failed to install DXVK via winetricks
[04:13:50] [WARNING] Winetricks output: Executing cd /usr/bin
+ return 0
+ shift
+ winetricks_handle_option --force
+ case "$1" in
+ WINETRICKS_FORCE=1
+ return 0
+ shift
+ winetricks_handle_option --no-isolate
+ case "$1" in
+ WINETRICKS_OPT_SHAREDPREFIX=1
+ return 0
+ shift
+ winetricks_handle_option --optout
+ case "$1" in
+ WINETRICKS_STATS_REPORT=0
+ return 0
+ shift
+ winetricks_handle_option dxvk
+ case "$1" in
+ return 1
+ echo dxvk
+ grep -v list-installed
+ grep -q -w list
+ case ${WINETRICKS_OPT_SHAREDPREFIX} in
+ winetricks_init
+ test ''
+ USERNAME=matt
++ id -u
+ '[' 1000 = 0 ']'
+ WINETRICKS_WORKDIR=/tmp/winetricks.sswDG0nw/w.matt.123116
+ test '' = 1
+ rm -rf /tmp/winetricks.sswDG0nw/w.matt.123116
+ WINETRICKS_METADATA=/tmp/winetricks.sswDG0nw/w.matt.123116/metadata
+ WINETRICKS_CATEGORIES='apps benchmarks dlls fonts settings mkprefix'
+ for _W_cat in ${WINETRICKS_CATEGORIES}
+ w_try_mkdir -q /tmp/winetricks.sswDG0nw/w.matt.123116/metadata/apps
+ dir=-q
+ '[' -q = -q ']'
+ dir=/tmp/winetricks.sswDG0nw/w.matt.123116/metadata/apps
+ WINETRICKS_SUPER_QUIET=1
+ w_try mkdir -p /tmp/winetricks.sswDG0nw/w.matt.123116/metadata/apps
+ export WINEDLLOVERRIDES
+ '[' -z 1 ']'
+ case "$1" in
+ mkdir -p /tmp/winetricks.sswDG0nw/w.matt.123116/metadata/apps
+ status=0
+ en_ms_5='exit status 0 - user selected '\''Cancel'\'''
+ en_ms_105='exit status 0 - normal, user selected '\''restart now'\'''
+ en_ms_194='exit status 0 - normal, user selected '\''restart later'\'''
+ en_ms_236='exit status 0 - newer version detected'
+ bg_abort=$'\320\222\320\260\320\266\320\275\320\276: \320\272\320\276\320\274\320\260\320\275\320\264\320\260\321\202\320\260 mkdir -p /tmp/winetricks.sswDG0nw/w.matt.123116/metadata/apps \320\262\321\212\321\200\320\275\320\260 \321\201\321\202\320\260\321\202\321\203\321\201\320\260 0. \320\237\321\200\320\265\320\272\321\200\320\260\321\202\321\217\320\262\320\260\320\275\320\265.'
+ en_abort='Note: command mkdir -p /tmp/winetricks.sswDG0nw/w.matt.123116/metadata/apps returned status 0. Aborting.'
+ pl_abort=$'Informacja: poelcenie mkdir -p /tmp/winetricks.sswDG0nw/w.matt.123116/metadata/apps zwr\303\263ci\305\202o status 0. Przerywam.'
+ pt_abort='Nota: comando mkdir -p /tmp/winetricks.sswDG0nw/w.matt.123116/metadata/apps retornou o status 0. Cancelando.'
+ ru_abort=$'\320\222\320\260\320\266\320\275\320\276: \320\272\320\276\320\274\320\260\320\275\320\264\320\260 mkdir -p /tmp/winetricks.sswDG0nw/w.matt.123116/metadata/apps \320\262\320\265\321\200\320\275\321\203\320\273\320\260 \321\201\321\202\320\260\321\202\321\203\321\201 0. \320\237\321\200\320\265\321\200\321\213\320\262\320\260\320\275\320\270\320\265.'
+ zh_CN_abort=$'\346\263\250\346\204\217\357\274\232\345\221\275\344\273\244 mkdir -p /tmp/winetricks.sswDG0nw/w.matt.123116/metadata/apps \350\277\224\345\233\236\344\272\206\347\212\266\346\200\201\347\240\201 0\357\274\214\346\223\215\344\275\234\344\270\255\346\255\242\343\200\202'
+ '[' -n '' ']'
+ case ${status} in
+ '[' '!' -d /tmp/winetricks.sswDG0nw/w.matt.123116/metadata/apps ']'
+ for _W_cat in ${WINETRICKS_CATEGORIES}
+ w_try_mkdir -q /tmp/winetricks.sswDG0nw/w.matt.123116/metadata/benchmarks
+ dir=-q
+ '[' -q = -q ']'
+ dir=/tmp/winetricks.sswDG0nw/w.matt.123116/metadata/benchmarks
+ WINETRICKS_SUPER_QUIET=1
+ w_try mkdir -p /tmp/winetricks.sswDG0nw/w.matt.123116/metadata/benchmarks
+ export WINEDLLOVERRIDES
+ '[' -z 1 ']'
+ case "$1" in
+ mkdir -p /tmp/winetricks.sswDG0nw/w.matt.123116/metadata/benchmarks
+ status=0
+ en_ms_5='exit status 0 - user selected '\''Cancel'\'''
+ en_ms_105='exit status 0 - normal, user selected '\''restart now'\'''
+ en_ms_194='exit status 0 - normal, user selected '\''restart later'\'''
+ en_ms_236='exit status 0 - newer version detected'
+ bg_abort=$'\320\222\320\260\320\266\320\275\320\276: \320\272\320\276\320\274\320\260\320\275\320\264\320\260\321\202\320\260 mkdir -p /tmp/winetricks.sswDG0nw/w.matt.123116/metadata/benchmarks \320\262\321\212\321\200\320\275\320\260 \321\201\321\202\320\260\321\202\321\203\321\201\320\260 0. \320\237\321\200\320\265\320\272\321\200\320\260\321\202\321\217\320\262\320\260\320\275\320\265.'
+ en_abort='Note: command mkdir -p /tmp/winetricks.sswDG0nw/w.matt.123116/metadata/benchmarks returned status 0. Aborting.'
+ pl_abort=$'Informacja: poelcenie mkdir -p /tmp/winetricks.sswDG0nw/w.matt.123116/metadata/benchmarks zwr\303\263ci\305\202o status 0. Przerywam.'
+ pt_abort='Nota: comando mkdir -p /tmp/winetricks.sswDG0nw/w.matt.123116/metadata/benchmarks retornou o status 0. Cancelando.'
+ ru_abort=$'\320\222\320\260\320\266\320\275\320\276: \320\272\320\276\320\274\320\260\320\275\320\264\320\260 mkdir -p /tmp/winetricks.sswDG0nw/w.matt.123116/metadata/benchmarks \320\262\320\265\321\200\320\275\321\203\320\273\320\260 \321\201\321\202\320\260\321\202\321\203\321\201 0. \320\237\321\200\320\265\321\200\321\213\320\262\320\260\320\275\320\270\320\265.'
+ zh_CN_abort=$'\346\263\250\346\204\217\357\274\232\345\221\275\344\273\244 mkdir -p /tmp/winetricks.sswDG0nw/w.matt.123116/metadata/benchmarks \350\277\224\345\233\236\344\272\206\347\212\266\346\200\201\347\240\201 0\357\274\214\346\223\215\344\275\234\344\270\255\346\255\242\343\200\202'
+ '[' -n '' ']'
+ case ${status} in
+ '[' '!' -d /tmp/winetricks.sswDG0nw/w.matt.123116/metadata/benchmarks ']'
+ for _W_cat in ${WINETRICKS_CATEGORIES}
+ w_try_mkdir -q /tmp/winetricks.sswDG0nw/w.matt.123116/metadata/dlls
+ dir=-q
+ '[' -q = -q ']'
+ dir=/tmp/winetricks.sswDG0nw/w.matt.123116/metadata/dlls
+ WINETRICKS_SUPER_QUIET=1
+ w_try mkdir -p /tmp/winetricks.sswDG0nw/w.matt.123116/metadata/dlls
+ export WINEDLLOVERRIDES
+ '[' -z 1 ']'
+ case "$1" in
+ mkdir -p /tmp/winetricks.sswDG0nw/w.matt.123116/metadata/dlls
+ status=0
+ en_ms_5='exit status 0 - user selected '\''Cancel'\'''
+ en_ms_105='exit status 0 - normal, user selected '\''restart now'\'''
+ en_ms_194='exit status 0 - normal, user selected '\''restart later'\'''
+ en_ms_236='exit status 0 - newer version detected'
+ bg_abort=$'\320\222\320\260\320\266\320\275\320\276: \320\272\320\276\320\274\320\260\320\275\320\264\320\260\321\202\320\260 mkdir -p /tmp/winetricks.sswDG0nw/w.matt.123116/metadata/dlls \320\262\321\212\321\200\320\275\320\260 \321\201\321\202\320\260\321\202\321\203\321\201\320\260 0. \320\237\321\200\320\265\320\272\321\200\320\260\321\202\321\217\320\262\320\260\320\275\320\265.'
+ en_abort='Note: command mkdir -p /tmp/winetricks.sswDG0nw/w.matt.123116/metadata/dlls returned status 0. Aborting.'
+ pl_abort=$'Informacja: poelcenie mkdir -p /tmp/winetricks.sswDG0nw/w.matt.123116/metadata/dlls zwr\303\263ci\305\202o status 0. Przerywam.'
+ pt_abort='Nota: comando mkdir -p /tmp/winetricks.sswDG0nw/w.matt.123116/metadata/dlls retornou o status 0. Cancelando.'
+ ru_abort=$'\320\222\320\260\320\266\320\275\320\276: \320\272\320\276\320\274\320\260\320\275\320\264\320\260 mkdir -p /tmp/winetricks.sswDG0nw/w.matt.123116/metadata/dlls \320\262\320\265\321\200\320\275\321\203\320\273\320\260 \321\201\321\202\320\260\321\202\321\203\321\201 0. \320\237\321\200\320\265\321\200\321\213\320\262\320\260\320\275\320\270\320\265.'
+ zh_CN_abort=$'\346\263\250\346\204\217\357\274\232\345\221\275\344\273\244 mkdir -p /tmp/winetricks.sswDG0nw/w.matt.123116/metadata/dlls \350\277\224\345\233\236\344\272\206\347\212\266\346\200\201\347\240\201 0\357\274\214\346\223\215\344\275\234\344\270\255\346\255\242\343\200\202'
+ '[' -n '' ']'
+ case ${status} in
+ '[' '!' -d /tmp/winetricks.sswDG0nw/w.matt.123116/metadata/dlls ']'
+ for _W_cat in ${WINETRICKS_CATEGORIES}
+ w_try_mkdir -q /tmp/winetricks.sswDG0nw/w.matt.123116/metadata/fonts
+ dir=-q
+ '[' -q = -q ']'
+ dir=/tmp/winetricks.sswDG0nw/w.matt.123116/metadata/fonts
+ WINETRICKS_SUPER_QUIET=1
+ w_try mkdir -p /tmp/winetricks.sswDG0nw/w.matt.123116/metadata/fonts
+ export WINEDLLOVERRIDES
+ '[' -z 1 ']'
+ case "$1" in
+ mkdir -p /tmp/winetricks.sswDG0nw/w.matt.123116/metadata/fonts
+ status=0
+ en_ms_5='exit status 0 - user selected '\''Cancel'\'''
+ en_ms_105='exit status 0 - normal, user selected '\''restart now'\'''
+ en_ms_194='exit status 0 - normal, user selected '\''restart later'\'''
+ en_ms_236='exit status 0 - newer version detected'
+ bg_abort=$'\320\222\320\260\320\266\320\275\320\276: \320\272\320\276\320\274\320\260\320\275\320\264\320\260\321\202\320\260 mkdir -p /tmp/winetricks.sswDG0nw/w.matt.123116/metadata/fonts \320\262\321\212\321\200\320\275\320\260 \321\201\321\202\320\260\321\202\321\203\321\201\320\260 0. \320\237\321\200\320\265\320\272\321\200\320\260\321\202\321\217\320\262\320\260\320\275\320\265.'
+ en_abort='Note: command mkdir -p /tmp/winetricks.sswDG0nw/w.matt.123116/metadata/fonts returned status 0. Aborting.'
+ pl_abort=$'Informacja: poelcenie mkdir -p /tmp/winetricks.sswDG0nw/w.matt.123116/metadata/fonts zwr\303\263ci\305\202o status 0. Przerywam.'
+ pt_abort='Nota: comando mkdir -p /tmp/winetricks.sswDG0nw/w.matt.123116/metadata/fonts retornou o status 0. Cancelando.'
+ ru_abort=$'\320\222\320\260\320\266\320\275\320\276: \320\272\320\276\320\274\320\260\320\275\320\264\320\260 mkdir -p /tmp/winetricks.sswDG0nw/w.matt.123116/metadata/fonts \320\262\320\265\321\200\320\275\321\203\320\273\320\260 \321\201\321\202\320\260\321\202\321\203\321\201 0. \320\237\321\200\320\265\321\200\321\213\320\262\320\260\320\275\320\270\320\265.'
+ zh_CN_abort=$'\346\263\250\346\204\217\357\274\232\345\221\275\344\273\244 mkdir -p /tmp/winetricks.sswDG0nw/w.matt.123116/metadata/fonts \350\277\224\345\233\236\344\272\206\347\212\266\346\200\201\347\240\201 0\357\274\214\346\223\215\344\275\234\344\270\255\346\255\242\343\200\202'
+ '[' -n '' ']'
+ case ${status} in
+ '[' '!' -d /tmp/winetricks.sswDG0nw/w.matt.123116/metadata/fonts ']'
+ for _W_cat in ${WINETRICKS_CATEGORIES}
+ w_try_mkdir -q /tmp/winetricks.sswDG0nw/w.matt.123116/metadata/settings
+ dir=-q
+ '[' -q = -q ']'
+ dir=/tmp/winetricks.sswDG0nw/w.matt.123116/metadata/settings
+ WINETRICKS_SUPER_QUIET=1
+ w_try mkdir -p /tmp/winetricks.sswDG0nw/w.matt.123116/metadata/settings
+ export WINEDLLOVERRIDES
+ '[' -z 1 ']'
+ case "$1" in
+ mkdir -p /tmp/winetricks.sswDG0nw/w.matt.123116/metadata/settings
+ status=0
+ en_ms_5='exit status 0 - user selected '\''Cancel'\'''
+ en_ms_105='exit status 0 - normal, user selected '\''restart now'\'''
+ en_ms_194='exit status 0 - normal, user selected '\''restart later'\'''
+ en_ms_236='exit status 0 - newer version detected'
+ bg_abort=$'\320\222\320\260\320\266\320\275\320\276: \320\272\320\276\320\274\320\260\320\275\320\264\320\260\321\202\320\260 mkdir -p /tmp/winetricks.sswDG0nw/w.matt.123116/metadata/settings \320\262\321\212\321\200\320\275\320\260 \321\201\321\202\320\260\321\202\321\203\321\201\320\260 0. \320\237\321\200\320\265\320\272\321\200\320\260\321\202\321\217\320\262\320\260\320\275\320\265.'
+ en_abort='Note: command mkdir -p /tmp/winetricks.sswDG0nw/w.matt.123116/metadata/settings returned status 0. Aborting.'
+ pl_abort=$'Informacja: poelcenie mkdir -p /tmp/winetricks.sswDG0nw/w.matt.123116/metadata/settings zwr\303\263ci\305\202o status 0. Przerywam.'
+ pt_abort='Nota: comando mkdir -p /tmp/winetricks.sswDG0nw/w.matt.123116/metadata/settings retornou o status 0. Cancelando.'
+ ru_abort=$'\320\222\320\260\320\266\320\275\320\276: \320\272\320\276\320\274\320\260\320\275\320\264\320\260 mkdir -p /tmp/winetricks.sswDG0nw/w.matt.123116/metadata/settings \320\262\320\265\321\200\320\275\321\203\320\273\320\260 \321\201\321\202\320\260\321\202\321\203\321\201 0. \320\237\321\200\320\265\321\200\321\213\320\262\320\260\320\275\320\270\320\265.'
+ zh_CN_abort=$'\346\263\250\346\204\217\357\274\232\345\221\275\344\273\244 mkdir -p /tmp/winetricks.sswDG0nw/w.matt.123116/metadata/settings \350\277\224\345\233\236\344\272\206\347\212\266\346\200\201\347\240\201 0\357\274\214\346\223\215\344\275\234\344\270\255\346\255\242\343\200\202'
+ '[' -n '' ']'
+ case ${status} in
+ '[' '!' -d /tmp/winetricks.sswDG0nw/w.matt.123116/metadata/settings ']'
+ for _W_cat in ${WINETRICKS_CATEGORIES}
+ w_try_mkdir -q /tmp/winetricks.sswDG0nw/w.matt.123116/metadata/mkprefix
+ dir=-q
+ '[' -q = -q ']'
+ dir=/tmp/winetricks.sswDG0nw/w.matt.123116/metadata/mkprefix
+ WINETRICKS_SUPER_QUIET=1
+ w_try mkdir -p /tmp/winetricks.sswDG0nw/w.matt.123116/metadata/mkprefix
+ export WINEDLLOVERRIDES
+ '[' -z 1 ']'
+ case "$1" in
+ mkdir -p /tmp/winetricks.sswDG0nw/w.matt.123116/metadata/mkprefix
+ status=0
+ en_ms_5='exit status 0 - user selected '\''Cancel'\'''
+ en_ms_105='exit status 0 - normal, user selected '\''restart now'\'''
+ en_ms_194='exit status 0 - normal, user selected '\''restart later'\'''
+ en_ms_236='exit status 0 - newer version detected'
+ bg_abort=$'\320\222\320\260\320\266\320\275\320\276: \320\272\320\276\320\274\320\260\320\275\320\264\320\260\321\202\320\260 mkdir -p /tmp/winetricks.sswDG0nw/w.matt.123116/metadata/mkprefix \320\262\321\212\321\200\320\275\320\260 \321\201\321\202\320\260\321\202\321\203\321\201\320\260 0. \320\237\321\200\320\265\320\272\321\200\320\260\321\202\321\217\320\262\320\260\320\275\320\265.'
+ en_abort='Note: command mkdir -p /tmp/winetricks.sswDG0nw/w.matt.123116/metadata/mkprefix returned status 0. Aborting.'
+ pl_abort=$'Informacja: poelcenie mkdir -p /tmp/winetricks.sswDG0nw/w.matt.123116/metadata/mkprefix zwr\303\263ci\305\202o status 0. Przerywam.'
+ pt_abort='Nota: comando mkdir -p /tmp/winetricks.sswDG0nw/w.matt.123116/metadata/mkprefix retornou o status 0. Cancelando.'
+ ru_abort=$'\320\222\320\260\320\266\320\275\320\276: \320\272\320\276\320\274\320\260\320\275\320\264\320\260 mkdir -p /tmp/winetricks.sswDG0nw/w.matt.123116/metadata/mkprefix \320\262\320\265\321\200\320\275\321\203\320\273\320\260 \321\201\321\202\320\260\321\202\321\203\321\201 0. \320\237\321\200\320\265\321\200\321\213\320\262\320\260\320\275\320\270\320\265.'
+ zh_CN_abort=$'\346\263\250\346\204\217\357\274\232\345\221\275\344\273\244 mkdir -p /tmp/winetricks.sswDG0nw/w.matt.123116/metadata/mkprefix \350\277\224\345\233\236\344\272\206\347\212\266\346\200\201\347\240\201 0\357\274\214\346\223\215\344\275\234\344\270\255\346\255\242\343\200\202'
+ '[' -n '' ']'
+ case ${status} in
+ '[' '!' -d /tmp/winetricks.sswDG0nw/w.matt.123116/metadata/mkprefix ']'
+ WINETRICKS_CURMENU=prefix
+ trap winetricks_cleanup EXIT HUP INT QUIT ABRT
+ WINETRICKS_OPT_SHAREDPREFIX=1
+ winetricks_get_sha256sum_prog
++ command -v sha256sum
+ '[' -x /usr/bin/sha256sum ']'
+ WINETRICKS_SHA256SUM=sha256sum
+ winetricks_get_platform
+ '[' '' = Windows_NT ']'
+ export W_PLATFORM=wine
+ W_PLATFORM=wine
+ '[' -n '' ']'
+ test -d /home/matt/Library
+ XDG_CACHE_HOME=/home/matt/.cache
+ XDG_CONFIG_HOME=/home/matt/Library/Preferences
+ test ''
+ W_CACHE=/home/matt/.cache/winetricks
+ WINETRICKS_POST=/home/matt/.local/share/winetricks/postinstall
+ WINETRICKS_AUTH=/home/matt/.local/share/winetricks/auth
+ WINETRICKS_CONFIG=/home/matt/Library/Preferences/winetricks
+ test -z '' -a -f /home/matt/Library/Preferences/winetricks/country
++ command -v taskset
+ '[' -x /usr/bin/taskset ']'
+ W_TASKSET='taskset -c 0'
+ winetricks_set_unattended 1
+ case "$1" in
+ W_OPT_UNATTENDED=1
+ winetricks_wine_setup
+ '[' -n '' ']'
+ winetricks_latest_version_check
+ '[' '' = disabled ']'
+ '[' -f /home/matt/Library/Preferences/winetricks/disable-latest-version-check ']'
+ '[' '' = development ']'
++ winetricks_dl_url_to_stdout https://raw.githubusercontent.com/Winetricks/winetricks/master/files/LATEST
++ winetricks_download_setup
++ case "${WINETRICKS_DOWNLOADER}" in
+++ command -v aria2c
++ '[' -x '' ']'
+++ command -v wget
++ '[' -x /usr/bin/wget ']'
++ WINETRICKS_DOWNLOADER=wget
++ WINETRICKS_DOWNLOADER_RETRIES=3
++ WINETRICKS_DOWNLOADER_TIMEOUT=15
++ case "${WINETRICKS_OPT_TORIFY}" in
++ torify=
++ aria2c_torify_opts=
++ '[' wget = wget ']'
++ wget -q -O - --timeout 15 --tries 3 https://raw.githubusercontent.com/Winetricks/winetricks/master/files/LATEST
+ latest_version=20250102
+ echo 20250102
+ grep -q -E '[0-9]{8}'
+ '[' -z 20250102 ']'
+ '[' '!' 20250102-next = 20250102 ']'
+ '[' '!' 20250102-next = 20250102-next ']'
+ case "${W_PLATFORM}" in
+ WINE=wine
++ command -v wineserver
++ dirname wine
++ dirname wine
+ for x in "${WINESERVER}" "${WINE}server" "$(command -v wineserver 2&gt; /dev/null)" "$(dirname "${WINE}")/server/wineserver" "$(dirname "${WINE}")/wineserver" /usr/bin/wineserver-development /usr/lib/wine/wineserver /usr/lib/i386-kfreebsd-gnu/wine/wineserver /usr/lib/i386-linux-gnu/wine/wineserver /usr/lib/powerpc-linux-gnu/wine/wineserver /usr/lib/i386-kfreebsd-gnu/wine/bin/wineserver /usr/lib/i386-linux-gnu/wine/bin/wineserver /usr/lib/powerpc-linux-gnu/wine/bin/wineserver /usr/lib/x86_64-linux-gnu/wine/bin/wineserver /usr/lib/i386-kfreebsd-gnu/wine-development/wineserver /usr/lib/i386-linux-gnu/wine-development/wineserver /usr/lib/powerpc-linux-gnu/wine-development/wineserver /usr/lib/x86_64-linux-gnu/wine-development/wineserver file-not-found
+ test -x ''
+ for x in "${WINESERVER}" "${WINE}server" "$(command -v wineserver 2&gt; /dev/null)" "$(dirname "${WINE}")/server/wineserver" "$(dirname "${WINE}")/wineserver" /usr/bin/wineserver-development /usr/lib/wine/wineserver /usr/lib/i386-kfreebsd-gnu/wine/wineserver /usr/lib/i386-linux-gnu/wine/wineserver /usr/lib/powerpc-linux-gnu/wine/wineserver /usr/lib/i386-kfreebsd-gnu/wine/bin/wineserver /usr/lib/i386-linux-gnu/wine/bin/wineserver /usr/lib/powerpc-linux-gnu/wine/bin/wineserver /usr/lib/x86_64-linux-gnu/wine/bin/wineserver /usr/lib/i386-kfreebsd-gnu/wine-development/wineserver /usr/lib/i386-linux-gnu/wine-development/wineserver /usr/lib/powerpc-linux-gnu/wine-development/wineserver /usr/lib/x86_64-linux-gnu/wine-development/wineserver file-not-found
+ test -x wineserver
+ for x in "${WINESERVER}" "${WINE}server" "$(command -v wineserver 2&gt; /dev/null)" "$(dirname "${WINE}")/server/wineserver" "$(dirname "${WINE}")/wineserver" /usr/bin/wineserver-development /usr/lib/wine/wineserver /usr/lib/i386-kfreebsd-gnu/wine/wineserver /usr/lib/i386-linux-gnu/wine/wineserver /usr/lib/powerpc-linux-gnu/wine/wineserver /usr/lib/i386-kfreebsd-gnu/wine/bin/wineserver /usr/lib/i386-linux-gnu/wine/bin/wineserver /usr/lib/powerpc-linux-gnu/wine/bin/wineserver /usr/lib/x86_64-linux-gnu/wine/bin/wineserver /usr/lib/i386-kfreebsd-gnu/wine-development/wineserver /usr/lib/i386-linux-gnu/wine-development/wineserver /usr/lib/powerpc-linux-gnu/wine-development/wineserver /usr/lib/x86_64-linux-gnu/wine-development/wineserver file-not-found
+ test -x /home/matt/.AffinityLinux/wine-tkg/wine-10.19-staging-amd64/bin/wineserver
+ case "${x}" in
+ break
+ case "${x}" in
+ WINESERVER=/home/matt/.AffinityLinux/wine-tkg/wine-10.19-staging-amd64/bin/wineserver
+ test /home/matt/.AffinityLinux
+ WINETRICKS_ORIGINAL_WINEPREFIX=/home/matt/.AffinityLinux
++ command -v wine
+ _abswine=/home/matt/.AffinityLinux/wine-tkg/wine-10.19-staging-amd64/bin/wine
+ test -x /home/matt/.AffinityLinux/wine-tkg/wine-10.19-staging-amd64/bin/wine
+ test -f /home/matt/.AffinityLinux/wine-tkg/wine-10.19-staging-amd64/bin/wine
+ unset _abswine
++ winetricks_early_wine --version
++ sed 's/.*wine/wine/'
++ WINEDEBUG=-all
++ wine --version
++ sed 's/.*1h.=//'
++ tr -d '\r'
++ grep -v -e 'Module not found' -e 'Could not load wine-gecko'
+ WINETRICKS_WINE_VERSION='wine-10.19 (Staging)'
+ WINETRICKS_ORIG_WINE_VERSION='wine-10.19 (Staging)'
++ echo 'wine-10.19 (Staging)'
++ cut -d ' ' -f1
++ sed -e s/wine-// -e 's/-rc.*//'
+ _wine_version_stripped=10.19
+ w_wine_version_in ,7.99
+ for _W_range in "$@"
++ echo ,7.99
++ sed 's/,.*//'
+ _W_val1=
++ echo ,7.99
++ sed 's/.*,//'
+ _W_val2=7.99
+ case ${_W_range} in
+ w_compare_wine_version -le 7.99
+ comparison=-le
+ known_wine_val1=7.99
+ known_wine_val2=
+ case "${comparison}" in
+ _expected_pos_current_wine=1
+ case "${_wine_version_stripped}" in
++ printf '%s\n%s\n%s' 7.99 10.19 ''
++ sort -t. -k 1,1n -k 2,2n -k 3,3n
++ grep -n '^10.19$'
++ cut -d : -f1
+ _pos_current_wine=2
+ '[' 2 = 1 ']'
+ return 1
+ unset _W_range _W_val1 _W_val2
+ return 1
+ winetricks_set_wineprefix ''
+ test ''
+ WINEPREFIX=/home/matt/.AffinityLinux
+ test /home/matt/.AffinityLinux = ''
+ LAST_WINEPREFIX=/home/matt/.AffinityLinux
+ export WINEPREFIX
++ dirname /home/matt/.AffinityLinux
+ w_try_mkdir /home/matt
+ dir=/home/matt
+ '[' /home/matt = -q ']'
+ '[' '!' -d /home/matt ']'
+ case "${W_PLATFORM}" in
+ W_DRIVE_C=/home/matt/.AffinityLinux/dosdevices/c:
+ W_WINDIR_UNIX=/home/matt/.AffinityLinux/dosdevices/c:/windows
+ '[' '!' -d /home/matt/.AffinityLinux ']'
+ w_try winetricks_early_wine cmd /c 'echo init'
++ uname -s
+ '[' Linux = Darwin ']'
+ test -d /home/matt/.AffinityLinux/dosdevices/c:/windows/syswow64
+ '[' -z '' ']'
++ command -v /home/matt/.AffinityLinux/wine-tkg/wine-10.19-staging-amd64/bin/wineserver
+ WINESERVER_BIN=/home/matt/.AffinityLinux/wine-tkg/wine-10.19-staging-amd64/bin/wineserver
+ '[' -n '' ']'
++ uname -s
+ '[' Linux = Darwin ']'
+ READLINK_F='readlink -f'
++ dirname /home/matt/.AffinityLinux/wine-tkg/wine-10.19-staging-amd64/bin/wineserver
++ basename /home/matt/.AffinityLinux/wine-tkg/wine-10.19-staging-amd64/bin/wineserver
++ sed s,wineserver,wineboot,
+ WINEBOOT_BIN=/home/matt/.AffinityLinux/wine-tkg/wine-10.19-staging-amd64/bin/wineboot
++ winetricks_get_file_arch /home/matt/.AffinityLinux/wine-tkg/wine-10.19-staging-amd64/bin/wineserver
++ _W_file=/home/matt/.AffinityLinux/wine-tkg/wine-10.19-staging-amd64/bin/wineserver
+++ uname -s
++ '[' Linux = Darwin ']'
+++ od -An -t x1 -j 0x12 -N 1 /home/matt/.AffinityLinux/wine-tkg/wine-10.19-staging-amd64/bin/wineserver
+++ tr -d '[:space:]'
++ _W_ob_output=3e
++ case "${_W_ob_output}" in
++ _W_file_arch=x86_64
++ echo x86_64
+ _W_wineserver_binary_arch=x86_64
+ '[' -z x86_64 ']'
+ '[' -z x86_64 ']'
+ '[' -z '' ']'
++ command -v wine
+ WINE_BIN=/home/matt/.AffinityLinux/wine-tkg/wine-10.19-staging-amd64/bin/wine
++ winetricks_get_file_arch /home/matt/.AffinityLinux/wine-tkg/wine-10.19-staging-amd64/bin/wine
++ _W_file=/home/matt/.AffinityLinux/wine-tkg/wine-10.19-staging-amd64/bin/wine
+++ uname -s
++ '[' Linux = Darwin ']'
+++ od -An -t x1 -j 0x12 -N 1 /home/matt/.AffinityLinux/wine-tkg/wine-10.19-staging-amd64/bin/wine
+++ tr -d '[:space:]'
++ _W_ob_output=3e
++ case "${_W_ob_output}" in
++ _W_file_arch=x86_64
++ echo x86_64
+ _W_wine_binary_arch=x86_64
+ '[' -z x86_64 ']'
+ '[' -z x86_64 ']'
+ '[' -z x86_64 ']'
+ '[' -z x86_64 ']'
+ '[' x86_64 = x86_64 ']'
+ _W_wow64_style=new
+ '[' -n '' ']'
+ '[' new = new ']'
+ WINE64=wine
+ WINE_ARCH=wine
+ WINE_MULTI=wine
+ W_ARCH=win64
++ w_expand_env ProgramFiles
++ winetricks_early_wine_arch cmd.exe /c 'chcp 65001 &gt; nul & echo %ProgramFiles%'
++ WINE=wine
++ winetricks_early_wine cmd.exe /c 'chcp 65001 &gt; nul & echo %ProgramFiles%'
++ WINEDEBUG=-all
++ wine cmd.exe /c 'chcp 65001 &gt; nul & echo %ProgramFiles%'
++ sed 's/.*1h.=//'
++ tr -d '\r'
++ grep -v -e 'Module not found' -e 'Could not load wine-gecko'
++ true
+ W_PROGRAMS_WIN=
++ w_pathconv -u ''
++ case "${W_PLATFORM}" in
++ case "$@" in
++ w_winepath -u ''
++ winetricks_early_wine winepath -u ''
++ WINEDEBUG=-all
++ wine winepath -u ''
++ sed 's/.*1h.=//'
++ tr -d '\r'
++ grep -v -e 'Module not found' -e 'Could not load wine-gecko'
++ true
+ W_PROGRAMS_UNIX=
+ W_SYSTEM32_DLLS=/home/matt/.AffinityLinux/dosdevices/c:/windows/syswow64
+ W_SYSTEM32_DLLS_WIN='C:\windows\syswow64'
+ W_SYSTEM64_DLLS=/home/matt/.AffinityLinux/dosdevices/c:/windows/system32
+ W_SYSTEM64_DLLS_WIN32='C:\windows\sysnative'
+ W_SYSTEM64_DLLS_WIN64='C:\windows\system32'
++ w_expand_env ProgramW6432
++ winetricks_early_wine_arch cmd.exe /c 'chcp 65001 &gt; nul & echo %ProgramW6432%'
++ WINE=wine
++ winetricks_early_wine cmd.exe /c 'chcp 65001 &gt; nul & echo %ProgramW6432%'
++ WINEDEBUG=-all
++ wine cmd.exe /c 'chcp 65001 &gt; nul & echo %ProgramW6432%'
++ sed 's/.*1h.=//'
++ tr -d '\r'
++ grep -v -e 'Module not found' -e 'Could not load wine-gecko'
++ true
+ W_PROGRAMW6432_WIN=
++ w_pathconv -u ''
++ case "${W_PLATFORM}" in
++ case "$@" in
++ w_winepath -u ''
++ winetricks_early_wine winepath -u ''
++ WINEDEBUG=-all
++ wine winepath -u ''
++ sed 's/.*1h.=//'
++ tr -d '\r'
++ grep -v -e 'Module not found' -e 'Could not load wine-gecko'
++ true
+ W_PROGRAMW6432_UNIX=
+ W_PROGRAMS_X86_WIN=' (x86)'
+ W_PROGRAMS_X86_UNIX=' (x86)'
++ w_expand_env 'CommonProgramFiles(x86)'
++ winetricks_early_wine_arch cmd.exe /c 'chcp 65001 &gt; nul & echo %CommonProgramFiles(x86)%'
++ WINE=wine
++ winetricks_early_wine cmd.exe /c 'chcp 65001 &gt; nul & echo %CommonProgramFiles(x86)%'
++ WINEDEBUG=-all
++ wine cmd.exe /c 'chcp 65001 &gt; nul & echo %CommonProgramFiles(x86)%'
++ sed 's/.*1h.=//'
++ tr -d '\r'
++ grep -v -e 'Module not found' -e 'Could not load wine-gecko'
++ true
+ W_COMMONFILES_X86_WIN=
++ w_pathconv -u ''
++ case "${W_PLATFORM}" in
++ case "$@" in
++ w_winepath -u ''
++ winetricks_early_wine winepath -u ''
++ WINEDEBUG=-all
++ wine winepath -u ''
++ sed 's/.*1h.=//'
++ tr -d '\r'
++ grep -v -e 'Module not found' -e 'Could not load wine-gecko'
++ true
+ W_COMMONFILES_X86=
++ w_expand_env CommonProgramW6432
++ winetricks_early_wine_arch cmd.exe /c 'chcp 65001 &gt; nul & echo %CommonProgramW6432%'
++ WINE=wine
++ winetricks_early_wine cmd.exe /c 'chcp 65001 &gt; nul & echo %CommonProgramW6432%'
++ WINEDEBUG=-all
++ wine cmd.exe /c 'chcp 65001 &gt; nul & echo %CommonProgramW6432%'
++ sed 's/.*1h.=//'
++ tr -d '\r'
++ grep -v -e 'Module not found' -e 'Could not load wine-gecko'
++ true
+ W_COMMONFILES_WIN=
++ w_pathconv -u ''
++ case "${W_PLATFORM}" in
++ case "$@" in
++ w_winepath -u ''
++ winetricks_early_wine winepath -u ''
++ WINEDEBUG=-all
++ wine winepath -u ''
++ sed 's/.*1h.=//'
++ tr -d '\r'
++ grep -v -e 'Module not found' -e 'Could not load wine-gecko'
++ true
+ W_COMMONFILES=
+ test -z ''
+ test -f /home/matt/.cache/winetricks/no_win64_warnings
+ test -f /home/matt/.AffinityLinux/no_win64_warnings
+ test -f /tmp/winetricks.sswDG0nw/no_win64_warnings
+ W_NO_WIN64_WARNINGS=0
+ '[' 1 = 1 ']'
+ W_NO_WIN64_WARNINGS=1
+ case ${WINETRICKS_GUI} in
+ true
+ '[' 1 = 0 ']'
++ w_expand_env AppData
++ winetricks_early_wine_arch cmd.exe /c 'chcp 65001 &gt; nul & echo %AppData%'
++ WINE=wine
++ winetricks_early_wine cmd.exe /c 'chcp 65001 &gt; nul & echo %AppData%'
++ WINEDEBUG=-all
++ wine cmd.exe /c 'chcp 65001 &gt; nul & echo %AppData%'
++ sed 's/.*1h.=//'
++ tr -d '\r'
++ grep -v -e 'Module not found' -e 'Could not load wine-gecko'
++ true
+ W_APPDATA_WIN=
++ w_pathconv -u ''
++ case "${W_PLATFORM}" in
++ case "$@" in
++ w_winepath -u ''
++ winetricks_early_wine winepath -u ''
++ WINEDEBUG=-all
++ wine winepath -u ''
++ sed 's/.*1h.=//'
++ tr -d '\r'
++ grep -v -e 'Module not found' -e 'Could not load wine-gecko'
++ true
+ W_APPDATA_UNIX=
+ case "${W_APPDATA_WIN}" in
++ winetricks_print_wineprefix_info
++ printf 'WINEPREFIX INFO:\n'
+++ ls -al1 /home/matt/.AffinityLinux/drive_c
++ printf 'Drive C: %s\n\n' $'total 12\ndrwxr-xr-x.  7 matt matt  101 Nov 25 17:42 .\ndrwxr-xr-x.  9 matt matt 4096 Nov 26 04:13 ..\ndrwxr-xr-x. 10 matt matt 4096 Nov 25 17:46 Program Files\ndrwxr-xr-x. 10 matt matt  178 Nov 25 17:45 Program Files (x86)\ndrwxr-xr-x.  5 matt matt   60 Nov 25 21:23 ProgramData\ndrwxr-xr-x.  4 matt matt   32 Nov 25 17:36 users\ndrwxr-xr-x. 25 matt matt 4096 Nov 25 17:43 windows'
++ printf 'Registry info:\n'
++ for regfile in "${WINEPREFIX}"/*.reg
+++ grep '#arch=' /home/matt/.AffinityLinux/system.reg
++ printf '%s:%s\n' /home/matt/.AffinityLinux/system.reg '#arch=win64'
++ for regfile in "${WINEPREFIX}"/*.reg
+++ grep '#arch=' /home/matt/.AffinityLinux/user.reg
++ printf '%s:%s\n' /home/matt/.AffinityLinux/user.reg '#arch=win64'
++ for regfile in "${WINEPREFIX}"/*.reg
+++ grep '#arch=' /home/matt/.AffinityLinux/userdef.reg
++ printf '%s:%s\n' /home/matt/.AffinityLinux/userdef.reg '#arch=win64'
+ w_info $'WINEPREFIX INFO:\nDrive C: total 12\ndrwxr-xr-x.  7 matt matt  101 Nov 25 17:42 .\ndrwxr-xr-x.  9 matt matt 4096 Nov 26 04:13 ..\ndrwxr-xr-x. 10 matt matt 4096 Nov 25 17:46 Program Files\ndrwxr-xr-x. 10 matt matt  178 Nov 25 17:45 Program Files (x86)\ndrwxr-xr-x.  5 matt matt   60 Nov 25 21:23 ProgramData\ndrwxr-xr-x.  4 matt matt   32 Nov 25 17:36 users\ndrwxr-xr-x. 25 matt matt 4096 Nov 25 17:43 windows\n\nRegistry info:\n/home/matt/.AffinityLinux/system.reg:#arch=win64\n/home/matt/.AffinityLinux/user.reg:#arch=win64\n/home/matt/.AffinityLinux/userdef.reg:#arch=win64'
+ '[' -z '' ']'
+ printf '%s\n%b\n%s\n' ------------------------------------------------------ $'WINEPREFIX INFO:\nDrive C: total 12\ndrwxr-xr-x.  7 matt matt  101 Nov 25 17:42 .\ndrwxr-xr-x.  9 matt matt 4096 Nov 26 04:13 ..\ndrwxr-xr-x. 10 matt matt 4096 Nov 25 17:46 Program Files\ndrwxr-xr-x. 10 matt matt  178 Nov 25 17:45 Program Files (x86)\ndrwxr-xr-x.  5 matt matt   60 Nov 25 21:23 ProgramData\ndrwxr-xr-x.  4 matt matt   32 Nov 25 17:36 users\ndrwxr-xr-x. 25 matt matt 4096 Nov 25 17:43 windows\n\nRegistry info:\n/home/matt/.AffinityLinux/system.reg:#arch=win64\n/home/matt/.AffinityLinux/user.reg:#arch=win64\n/home/matt/.AffinityLinux/userdef.reg:#arch=win64' ------------------------------------------------------
------------------------------------------------------
WINEPREFIX INFO:
Drive C: total 12
drwxr-xr-x.  7 matt matt  101 Nov 25 17:42 .
drwxr-xr-x.  9 matt matt 4096 Nov 26 04:13 ..
drwxr-xr-x. 10 matt matt 4096 Nov 25 17:46 Program Files
drwxr-xr-x. 10 matt matt  178 Nov 25 17:45 Program Files (x86)
drwxr-xr-x.  5 matt matt   60 Nov 25 21:23 ProgramData
drwxr-xr-x.  4 matt matt   32 Nov 25 17:36 users
drwxr-xr-x. 25 matt matt 4096 Nov 25 17:43 windows
Registry info:
/home/matt/.AffinityLinux/system.reg:#arch=win64
/home/matt/.AffinityLinux/user.reg:#arch=win64
/home/matt/.AffinityLinux/userdef.reg:#arch=win64
------------------------------------------------------
+ test 1
+ case ${WINETRICKS_GUI} in
++ cat /tmp/winetricks.sswDG0nw/early_wine.err.txt
+ w_die $'wine cmd.exe /c echo \'%AppData%\' returned empty string, error message "wine client error:0: version mismatch 877/929.\nYour wineserver binary was not upgraded correctly,\nor you have an older one somewhere in your PATH.\nOr maybe the wrong wineserver is still running?" '
+ w_warn $'wine cmd.exe /c echo \'%AppData%\' returned empty string, error message "wine client error:0: version mismatch 877/929.\nYour wineserver binary was not upgraded correctly,\nor you have an older one somewhere in your PATH.\nOr maybe the wrong wineserver is still running?" '
+ '[' -z '' ']'
+ printf '%s\nwarning: %b\n%s\n' ------------------------------------------------------ $'wine cmd.exe /c echo \'%AppData%\' returned empty string, error message "wine client error:0: version mismatch 877/929.\nYour wineserver binary was not upgraded correctly,\nor you have an older one somewhere in your PATH.\nOr maybe the wrong wineserver is still running?" ' ------------------------------------------------------
------------------------------------------------------
warning: wine cmd.exe /c echo '%AppData%' returned empty string, error message "wine client error:0: version mismatch 877/929.
Your wineserver binary was not upgraded correctly,
or you have an older one somewhere in your PATH.
Or maybe the wrong wineserver is still running?"
------------------------------------------------------
+ test 1
+ case ${WINETRICKS_GUI} in
+ unset _W_timeout
+ exit 1
+ winetricks_cleanup
+ test ''
+ set +e
+ test -f /tmp/winetricks.sswDG0nw/w.matt.123116/dd-pid
+ test ''
+ '[' -z '' ']'
+ rm -rf /tmp/winetricks.sswDG0nw/w.matt.123116
+ rm -rf /tmp/winetricks.sswDG0nw
+ rm -rf /home/matt/.AffinityLinux/wrapper.cfg
+ rm -rf /home/matt/.AffinityLinux/no_win64_warnings

[04:13:50] [INFO] Reinstalling d3d12 DLLs and setting up DLL overrides...
[04:13:50] [INFO] Installing d3d12.dll and d3d12core.dll...
[04:13:50] [INFO] Checking for latest vkd3d-proton version...
[04:13:50] [INFO] Latest vkd3d-proton version: 3.0a
[04:13:50] [INFO] Downloading vkd3d-proton for d3d12 DLLs...
[04:13:50] [INFO] Downloading vkd3d-proton...
[04:13:50] [SUCCESS] Cached vkd3d-proton archive
[04:13:50] [INFO] Extracting vkd3d-proton...
[04:13:50] [SUCCESS] vkd3d-proton extracted
[04:13:50] [SUCCESS] Cached vkd3d-proton directory
[04:13:50] [SUCCESS] Installed d3d12.dll
[04:13:50] [SUCCESS] Installed d3d12core.dll
[04:13:50] [SUCCESS] d3d12 DLLs installed (vkd3d-proton 3.0a)
[04:13:50] [INFO] Setting up DLL overrides for d3d12...
[04:13:50] [SUCCESS] DLL overrides configured for d3d12
[04:13:50] [INFO] Copying d3d12 DLLs to application directories...
[04:13:50] [SUCCESS] Copied d3d12.dll to Affinity
[04:13:50] [SUCCESS] Copied d3d12core.dll to Affinity
[04:13:50] [INFO] Updating desktop entries with DXVK environment variables...
[04:13:50] [SUCCESS] Updated desktop entry: Affinity.desktop
[04:13:50] [SUCCESS] Updated 1 desktop entry/entries with DXVK configuration
[04:13:53] [SUCCESS]   .NET Framework 3.5 SP1: ✓ Installed
================================================================================
Session Ended: 2025-11-26 04:13:56
================================================================================

